0:0:0:0:0:0:0:1 - - [20/out/2017:21:04:35 +0000] "GET /banco/contas HTTP/1.1" 200 155 "-" "Mozilla/5.0 (Windows NT 10.0; Win64; x64) AppleWebKit/537.36 (KHTML, like Gecko) Chrome/55.0.2883.87 Safari/537.36" 229
0:0:0:0:0:0:0:1 - - [20/out/2017:21:04:35 +0000] "GET /favicon.ico HTTP/1.1" 404 43 "http://localhost:7000/banco/contas" "Mozilla/5.0 (Windows NT 10.0; Win64; x64) AppleWebKit/537.36 (KHTML, like Gecko) Chrome/55.0.2883.87 Safari/537.36" 11
0:0:0:0:0:0:0:1 - - [20/out/2017:21:10:50 +0000] "GET /banco/contas HTTP/1.1" 200 155 "-" "Mozilla/5.0 (Windows NT 10.0; Win64; x64) AppleWebKit/537.36 (KHTML, like Gecko) Chrome/55.0.2883.87 Safari/537.36" 125
0:0:0:0:0:0:0:1 - - [20/out/2017:21:11:00 +0000] "GET /banco/contas/pesquisarConta/125 HTTP/1.1" 404 43 "-" "Mozilla/5.0 (Windows NT 10.0; Win64; x64) AppleWebKit/537.36 (KHTML, like Gecko) Chrome/55.0.2883.87 Safari/537.36" 19
0:0:0:0:0:0:0:1 - - [20/out/2017:21:12:11 +0000] "GET /banco/contas/ HTTP/1.1" 200 155 "-" "Mozilla/5.0 (Windows NT 10.0; Win64; x64) AppleWebKit/537.36 (KHTML, like Gecko) Chrome/55.0.2883.87 Safari/537.36" 14
0:0:0:0:0:0:0:1 - - [20/out/2017:21:12:20 +0000] "GET /banco/pesquisarConta/125 HTTP/1.1" 200 112 "-" "Mozilla/5.0 (Windows NT 10.0; Win64; x64) AppleWebKit/537.36 (KHTML, like Gecko) Chrome/55.0.2883.87 Safari/537.36" 687
0:0:0:0:0:0:0:1 - - [20/out/2017:21:12:37 +0000] "GET /banco/pesquisarConta/125 HTTP/1.1" 200 112 "-" "Mozilla/5.0 (Windows NT 10.0; Win64; x64) AppleWebKit/537.36 (KHTML, like Gecko) Chrome/55.0.2883.87 Safari/537.36" 5
0:0:0:0:0:0:0:1 - - [20/out/2017:21:12:37 +0000] "GET /favicon.ico HTTP/1.1" 404 43 "-" "Mozilla/5.0 (Windows NT 10.0; Win64; x64) AppleWebKit/537.36 (KHTML, like Gecko) Chrome/55.0.2883.87 Safari/537.36" 2
0:0:0:0:0:0:0:1 - - [20/out/2017:21:12:39 +0000] "GET /banco/pesquisarConta/125 HTTP/1.1" 200 112 "-" "Mozilla/5.0 (Windows NT 10.0; Win64; x64) AppleWebKit/537.36 (KHTML, like Gecko) Chrome/55.0.2883.87 Safari/537.36" 13
0:0:0:0:0:0:0:1 - - [20/out/2017:21:12:53 +0000] "GET /banco/pesquisarConta/125 HTTP/1.1" 200 30 "-" "Mozilla/5.0 (Windows NT 10.0; Win64; x64) AppleWebKit/537.36 (KHTML, like Gecko) Chrome/55.0.2883.87 Safari/537.36" 123
0:0:0:0:0:0:0:1 - - [20/out/2017:21:23:49 +0000] "GET /banco/insereConta/10/125 HTTP/1.1" 404 43 "-" "Mozilla/5.0 (Windows NT 10.0; Win64; x64) AppleWebKit/537.36 (KHTML, like Gecko) Chrome/55.0.2883.87 Safari/537.36" 100
0:0:0:0:0:0:0:1 - - [20/out/2017:21:23:56 +0000] "GET /banco/inserirConta/10/125 HTTP/1.1" 200 1 "-" "Mozilla/5.0 (Windows NT 10.0; Win64; x64) AppleWebKit/537.36 (KHTML, like Gecko) Chrome/55.0.2883.87 Safari/537.36" 146
0:0:0:0:0:0:0:1 - - [20/out/2017:21:24:19 +0000] "GET /banco/contas/ HTTP/1.1" 200 184 "-" "Mozilla/5.0 (Windows NT 10.0; Win64; x64) AppleWebKit/537.36 (KHTML, like Gecko) Chrome/55.0.2883.87 Safari/537.36" 34
0:0:0:0:0:0:0:1 - - [20/out/2017:21:26:36 +0000] "GET /banco/deletar/10 HTTP/1.1" 404 43 "-" "Mozilla/5.0 (Windows NT 10.0; Win64; x64) AppleWebKit/537.36 (KHTML, like Gecko) Chrome/55.0.2883.87 Safari/537.36" 109
0:0:0:0:0:0:0:1 - - [20/out/2017:21:26:44 +0000] "GET /banco/deletarConta/10 HTTP/1.1" 200 1 "-" "Mozilla/5.0 (Windows NT 10.0; Win64; x64) AppleWebKit/537.36 (KHTML, like Gecko) Chrome/55.0.2883.87 Safari/537.36" 100
0:0:0:0:0:0:0:1 - - [20/out/2017:21:26:48 +0000] "GET /banco/contas/ HTTP/1.1" 200 155 "-" "Mozilla/5.0 (Windows NT 10.0; Win64; x64) AppleWebKit/537.36 (KHTML, like Gecko) Chrome/55.0.2883.87 Safari/537.36" 34
0:0:0:0:0:0:0:1 - - [20/out/2017:21:32:15 +0000] "GET /banco/contas/alterarConta/201/2425 HTTP/1.1" 404 43 "-" "Mozilla/5.0 (Windows NT 10.0; Win64; x64) AppleWebKit/537.36 (KHTML, like Gecko) Chrome/55.0.2883.87 Safari/537.36" 101
0:0:0:0:0:0:0:1 - - [20/out/2017:21:32:26 +0000] "GET /banco/alterarConta/201/2425 HTTP/1.1" 200 1 "-" "Mozilla/5.0 (Windows NT 10.0; Win64; x64) AppleWebKit/537.36 (KHTML, like Gecko) Chrome/55.0.2883.87 Safari/537.36" 100
0:0:0:0:0:0:0:1 - - [20/out/2017:21:32:31 +0000] "GET /banco/contas HTTP/1.1" 200 155 "-" "Mozilla/5.0 (Windows NT 10.0; Win64; x64) AppleWebKit/537.36 (KHTML, like Gecko) Chrome/55.0.2883.87 Safari/537.36" 35
0:0:0:0:0:0:0:1 - - [20/out/2017:21:55:27 +0000] "GET /banco/contas/ HTTP/1.1" 200 155 "-" "Mozilla/5.0 (Windows NT 10.0; Win64; x64) AppleWebKit/537.36 (KHTML, like Gecko) Chrome/55.0.2883.87 Safari/537.36" 157
0:0:0:0:0:0:0:1 - - [11/nov/2017:19:33:01 +0000] "GET /compras/produtos HTTP/1.1" 500 110 "-" "Mozilla/5.0 (Windows NT 10.0; Win64; x64) AppleWebKit/537.36 (KHTML, like Gecko) Chrome/61.0.3163.100 Safari/537.36" 430
0:0:0:0:0:0:0:1 - - [11/nov/2017:19:33:01 +0000] "GET /favicon.ico HTTP/1.1" 404 43 "http://localhost:7000/compras/produtos" "Mozilla/5.0 (Windows NT 10.0; Win64; x64) AppleWebKit/537.36 (KHTML, like Gecko) Chrome/61.0.3163.100 Safari/537.36" 3
0:0:0:0:0:0:0:1 - - [11/nov/2017:19:34:44 +0000] "GET /compras/produtos HTTP/1.1" 500 110 "-" "Mozilla/5.0 (Windows NT 10.0; Win64; x64) AppleWebKit/537.36 (KHTML, like Gecko) Chrome/61.0.3163.100 Safari/537.36" 116
0:0:0:0:0:0:0:1 - - [11/nov/2017:19:34:45 +0000] "GET /compras/produtos HTTP/1.1" 500 110 "-" "Mozilla/5.0 (Windows NT 10.0; Win64; x64) AppleWebKit/537.36 (KHTML, like Gecko) Chrome/61.0.3163.100 Safari/537.36" 13
0:0:0:0:0:0:0:1 - - [11/nov/2017:19:34:46 +0000] "GET /compras/produtos HTTP/1.1" 500 110 "-" "Mozilla/5.0 (Windows NT 10.0; Win64; x64) AppleWebKit/537.36 (KHTML, like Gecko) Chrome/61.0.3163.100 Safari/537.36" 10
0:0:0:0:0:0:0:1 - - [11/nov/2017:19:34:46 +0000] "GET /compras/produtos HTTP/1.1" 500 110 "-" "Mozilla/5.0 (Windows NT 10.0; Win64; x64) AppleWebKit/537.36 (KHTML, like Gecko) Chrome/61.0.3163.100 Safari/537.36" 8
0:0:0:0:0:0:0:1 - - [11/nov/2017:19:34:46 +0000] "GET /compras/produtos HTTP/1.1" 500 110 "-" "Mozilla/5.0 (Windows NT 10.0; Win64; x64) AppleWebKit/537.36 (KHTML, like Gecko) Chrome/61.0.3163.100 Safari/537.36" 8
0:0:0:0:0:0:0:1 - - [11/nov/2017:19:34:46 +0000] "GET /compras/produtos HTTP/1.1" 500 110 "-" "Mozilla/5.0 (Windows NT 10.0; Win64; x64) AppleWebKit/537.36 (KHTML, like Gecko) Chrome/61.0.3163.100 Safari/537.36" 7
0:0:0:0:0:0:0:1 - - [11/nov/2017:19:34:46 +0000] "GET /compras/produtos HTTP/1.1" 500 110 "-" "Mozilla/5.0 (Windows NT 10.0; Win64; x64) AppleWebKit/537.36 (KHTML, like Gecko) Chrome/61.0.3163.100 Safari/537.36" 9
0:0:0:0:0:0:0:1 - - [11/nov/2017:19:34:46 +0000] "GET /compras/produtos HTTP/1.1" 500 110 "-" "Mozilla/5.0 (Windows NT 10.0; Win64; x64) AppleWebKit/537.36 (KHTML, like Gecko) Chrome/61.0.3163.100 Safari/537.36" 8
0:0:0:0:0:0:0:1 - - [11/nov/2017:19:34:47 +0000] "GET /compras/produtos HTTP/1.1" 500 110 "-" "Mozilla/5.0 (Windows NT 10.0; Win64; x64) AppleWebKit/537.36 (KHTML, like Gecko) Chrome/61.0.3163.100 Safari/537.36" 9
0:0:0:0:0:0:0:1 - - [11/nov/2017:19:34:47 +0000] "GET /compras/produtos HTTP/1.1" 500 110 "-" "Mozilla/5.0 (Windows NT 10.0; Win64; x64) AppleWebKit/537.36 (KHTML, like Gecko) Chrome/61.0.3163.100 Safari/537.36" 8
0:0:0:0:0:0:0:1 - - [11/nov/2017:19:34:47 +0000] "GET /compras/produtos HTTP/1.1" 500 110 "-" "Mozilla/5.0 (Windows NT 10.0; Win64; x64) AppleWebKit/537.36 (KHTML, like Gecko) Chrome/61.0.3163.100 Safari/537.36" 10
0:0:0:0:0:0:0:1 - - [11/nov/2017:19:34:47 +0000] "GET /compras/produtos HTTP/1.1" 500 110 "-" "Mozilla/5.0 (Windows NT 10.0; Win64; x64) AppleWebKit/537.36 (KHTML, like Gecko) Chrome/61.0.3163.100 Safari/537.36" 7
0:0:0:0:0:0:0:1 - - [11/nov/2017:19:34:47 +0000] "GET /compras/produtos HTTP/1.1" 500 110 "-" "Mozilla/5.0 (Windows NT 10.0; Win64; x64) AppleWebKit/537.36 (KHTML, like Gecko) Chrome/61.0.3163.100 Safari/537.36" 8
0:0:0:0:0:0:0:1 - - [11/nov/2017:19:34:47 +0000] "GET /compras/produtos HTTP/1.1" 500 110 "-" "Mozilla/5.0 (Windows NT 10.0; Win64; x64) AppleWebKit/537.36 (KHTML, like Gecko) Chrome/61.0.3163.100 Safari/537.36" 10
0:0:0:0:0:0:0:1 - - [11/nov/2017:19:34:47 +0000] "GET /compras/produtos HTTP/1.1" 500 110 "-" "Mozilla/5.0 (Windows NT 10.0; Win64; x64) AppleWebKit/537.36 (KHTML, like Gecko) Chrome/61.0.3163.100 Safari/537.36" 8
0:0:0:0:0:0:0:1 - - [11/nov/2017:19:34:47 +0000] "GET /compras/produtos HTTP/1.1" 500 110 "-" "Mozilla/5.0 (Windows NT 10.0; Win64; x64) AppleWebKit/537.36 (KHTML, like Gecko) Chrome/61.0.3163.100 Safari/537.36" 9
0:0:0:0:0:0:0:1 - - [11/nov/2017:19:34:48 +0000] "GET /compras/produtos HTTP/1.1" 500 110 "-" "Mozilla/5.0 (Windows NT 10.0; Win64; x64) AppleWebKit/537.36 (KHTML, like Gecko) Chrome/61.0.3163.100 Safari/537.36" 15
0:0:0:0:0:0:0:1 - - [11/nov/2017:19:34:48 +0000] "GET /compras/produtos HTTP/1.1" 500 110 "-" "Mozilla/5.0 (Windows NT 10.0; Win64; x64) AppleWebKit/537.36 (KHTML, like Gecko) Chrome/61.0.3163.100 Safari/537.36" 13
0:0:0:0:0:0:0:1 - - [11/nov/2017:19:34:48 +0000] "GET /compras/produtos HTTP/1.1" 500 110 "-" "Mozilla/5.0 (Windows NT 10.0; Win64; x64) AppleWebKit/537.36 (KHTML, like Gecko) Chrome/61.0.3163.100 Safari/537.36" 10
0:0:0:0:0:0:0:1 - - [11/nov/2017:19:34:48 +0000] "GET /compras/produtos HTTP/1.1" 500 110 "-" "Mozilla/5.0 (Windows NT 10.0; Win64; x64) AppleWebKit/537.36 (KHTML, like Gecko) Chrome/61.0.3163.100 Safari/537.36" 12
0:0:0:0:0:0:0:1 - - [11/nov/2017:19:34:48 +0000] "GET /compras/produtos HTTP/1.1" 500 110 "-" "Mozilla/5.0 (Windows NT 10.0; Win64; x64) AppleWebKit/537.36 (KHTML, like Gecko) Chrome/61.0.3163.100 Safari/537.36" 7
0:0:0:0:0:0:0:1 - - [11/nov/2017:19:34:48 +0000] "GET /compras/produtos HTTP/1.1" 500 110 "-" "Mozilla/5.0 (Windows NT 10.0; Win64; x64) AppleWebKit/537.36 (KHTML, like Gecko) Chrome/61.0.3163.100 Safari/537.36" 7
0:0:0:0:0:0:0:1 - - [11/nov/2017:19:34:48 +0000] "GET /compras/produtos HTTP/1.1" 500 110 "-" "Mozilla/5.0 (Windows NT 10.0; Win64; x64) AppleWebKit/537.36 (KHTML, like Gecko) Chrome/61.0.3163.100 Safari/537.36" 7
0:0:0:0:0:0:0:1 - - [11/nov/2017:19:34:49 +0000] "GET /compras/produtos HTTP/1.1" 500 110 "-" "Mozilla/5.0 (Windows NT 10.0; Win64; x64) AppleWebKit/537.36 (KHTML, like Gecko) Chrome/61.0.3163.100 Safari/537.36" 19
0:0:0:0:0:0:0:1 - - [11/nov/2017:19:34:49 +0000] "GET /compras/produtos HTTP/1.1" 500 110 "-" "Mozilla/5.0 (Windows NT 10.0; Win64; x64) AppleWebKit/537.36 (KHTML, like Gecko) Chrome/61.0.3163.100 Safari/537.36" 10
0:0:0:0:0:0:0:1 - - [11/nov/2017:19:34:49 +0000] "GET /compras/produtos HTTP/1.1" 500 110 "-" "Mozilla/5.0 (Windows NT 10.0; Win64; x64) AppleWebKit/537.36 (KHTML, like Gecko) Chrome/61.0.3163.100 Safari/537.36" 8
0:0:0:0:0:0:0:1 - - [11/nov/2017:19:34:49 +0000] "GET /compras/produtos HTTP/1.1" 500 110 "-" "Mozilla/5.0 (Windows NT 10.0; Win64; x64) AppleWebKit/537.36 (KHTML, like Gecko) Chrome/61.0.3163.100 Safari/537.36" 7
0:0:0:0:0:0:0:1 - - [11/nov/2017:19:34:49 +0000] "GET /compras/produtos HTTP/1.1" 500 110 "-" "Mozilla/5.0 (Windows NT 10.0; Win64; x64) AppleWebKit/537.36 (KHTML, like Gecko) Chrome/61.0.3163.100 Safari/537.36" 8
0:0:0:0:0:0:0:1 - - [11/nov/2017:19:34:49 +0000] "GET /compras/produtos HTTP/1.1" 500 110 "-" "Mozilla/5.0 (Windows NT 10.0; Win64; x64) AppleWebKit/537.36 (KHTML, like Gecko) Chrome/61.0.3163.100 Safari/537.36" 7
0:0:0:0:0:0:0:1 - - [11/nov/2017:19:34:49 +0000] "GET /compras/produtos HTTP/1.1" 500 110 "-" "Mozilla/5.0 (Windows NT 10.0; Win64; x64) AppleWebKit/537.36 (KHTML, like Gecko) Chrome/61.0.3163.100 Safari/537.36" 7
0:0:0:0:0:0:0:1 - - [11/nov/2017:19:34:50 +0000] "GET /compras/produtos HTTP/1.1" 500 110 "-" "Mozilla/5.0 (Windows NT 10.0; Win64; x64) AppleWebKit/537.36 (KHTML, like Gecko) Chrome/61.0.3163.100 Safari/537.36" 8
0:0:0:0:0:0:0:1 - - [11/nov/2017:19:34:50 +0000] "GET /compras/produtos HTTP/1.1" 500 110 "-" "Mozilla/5.0 (Windows NT 10.0; Win64; x64) AppleWebKit/537.36 (KHTML, like Gecko) Chrome/61.0.3163.100 Safari/537.36" 33
0:0:0:0:0:0:0:1 - - [11/nov/2017:19:34:50 +0000] "GET /compras/produtos HTTP/1.1" 500 110 "-" "Mozilla/5.0 (Windows NT 10.0; Win64; x64) AppleWebKit/537.36 (KHTML, like Gecko) Chrome/61.0.3163.100 Safari/537.36" 7
0:0:0:0:0:0:0:1 - - [11/nov/2017:19:34:50 +0000] "GET /compras/produtos HTTP/1.1" 500 110 "-" "Mozilla/5.0 (Windows NT 10.0; Win64; x64) AppleWebKit/537.36 (KHTML, like Gecko) Chrome/61.0.3163.100 Safari/537.36" 9
0:0:0:0:0:0:0:1 - - [11/nov/2017:19:34:50 +0000] "GET /compras/produtos HTTP/1.1" 500 110 "-" "Mozilla/5.0 (Windows NT 10.0; Win64; x64) AppleWebKit/537.36 (KHTML, like Gecko) Chrome/61.0.3163.100 Safari/537.36" 8
0:0:0:0:0:0:0:1 - - [11/nov/2017:19:34:50 +0000] "GET /compras/produtos HTTP/1.1" 500 110 "-" "Mozilla/5.0 (Windows NT 10.0; Win64; x64) AppleWebKit/537.36 (KHTML, like Gecko) Chrome/61.0.3163.100 Safari/537.36" 7
0:0:0:0:0:0:0:1 - - [11/nov/2017:19:43:32 +0000] "GET /compras HTTP/1.1" 404 43 "-" "Mozilla/5.0 (Windows NT 10.0; Win64; x64) AppleWebKit/537.36 (KHTML, like Gecko) Chrome/61.0.3163.100 Safari/537.36" 116
0:0:0:0:0:0:0:1 - - [11/nov/2017:19:43:35 +0000] "GET /compras/produtos HTTP/1.1" 500 110 "-" "Mozilla/5.0 (Windows NT 10.0; Win64; x64) AppleWebKit/537.36 (KHTML, like Gecko) Chrome/61.0.3163.100 Safari/537.36" 18
0:0:0:0:0:0:0:1 - - [11/nov/2017:19:43:37 +0000] "GET /compras/produtos HTTP/1.1" 500 110 "-" "Mozilla/5.0 (Windows NT 10.0; Win64; x64) AppleWebKit/537.36 (KHTML, like Gecko) Chrome/61.0.3163.100 Safari/537.36" 4
0:0:0:0:0:0:0:1 - - [11/nov/2017:19:43:39 +0000] "GET /compras/produtos HTTP/1.1" 500 110 "-" "Mozilla/5.0 (Windows NT 10.0; Win64; x64) AppleWebKit/537.36 (KHTML, like Gecko) Chrome/61.0.3163.100 Safari/537.36" 4
0:0:0:0:0:0:0:1 - - [11/nov/2017:19:43:40 +0000] "GET /compras/produtos HTTP/1.1" 500 110 "-" "Mozilla/5.0 (Windows NT 10.0; Win64; x64) AppleWebKit/537.36 (KHTML, like Gecko) Chrome/61.0.3163.100 Safari/537.36" 4
0:0:0:0:0:0:0:1 - - [11/nov/2017:19:45:08 +0000] "GET /compras/produtos HTTP/1.1" 500 110 "-" "Mozilla/5.0 (Windows NT 10.0; Win64; x64) AppleWebKit/537.36 (KHTML, like Gecko) Chrome/61.0.3163.100 Safari/537.36" 120
0:0:0:0:0:0:0:1 - - [11/nov/2017:19:45:11 +0000] "GET /compras/produtos HTTP/1.1" 500 110 "-" "Mozilla/5.0 (Windows NT 10.0; Win64; x64) AppleWebKit/537.36 (KHTML, like Gecko) Chrome/61.0.3163.100 Safari/537.36" 5
0:0:0:0:0:0:0:1 - - [11/nov/2017:19:45:14 +0000] "GET /compras/produtos HTTP/1.1" 500 110 "-" "Mozilla/5.0 (Windows NT 10.0; Win64; x64) AppleWebKit/537.36 (KHTML, like Gecko) Chrome/61.0.3163.100 Safari/537.36" 14
0:0:0:0:0:0:0:1 - - [11/nov/2017:19:45:14 +0000] "GET /compras/produtos HTTP/1.1" 500 110 "-" "Mozilla/5.0 (Windows NT 10.0; Win64; x64) AppleWebKit/537.36 (KHTML, like Gecko) Chrome/61.0.3163.100 Safari/537.36" 10
0:0:0:0:0:0:0:1 - - [11/nov/2017:19:45:14 +0000] "GET /compras/produtos HTTP/1.1" 500 110 "-" "Mozilla/5.0 (Windows NT 10.0; Win64; x64) AppleWebKit/537.36 (KHTML, like Gecko) Chrome/61.0.3163.100 Safari/537.36" 9
0:0:0:0:0:0:0:1 - - [11/nov/2017:19:45:15 +0000] "GET /compras/produtos HTTP/1.1" 500 110 "-" "Mozilla/5.0 (Windows NT 10.0; Win64; x64) AppleWebKit/537.36 (KHTML, like Gecko) Chrome/61.0.3163.100 Safari/537.36" 8
0:0:0:0:0:0:0:1 - - [11/nov/2017:20:10:30 +0000] "GET /compras/produtos HTTP/1.1" 200 231 "-" "Mozilla/5.0 (Windows NT 10.0; Win64; x64) AppleWebKit/537.36 (KHTML, like Gecko) Chrome/61.0.3163.100 Safari/537.36" 152
0:0:0:0:0:0:0:1 - - [11/nov/2017:20:11:08 +0000] "GET /compras/produto/123 HTTP/1.1" 200 229 "-" "Mozilla/5.0 (Windows NT 10.0; Win64; x64) AppleWebKit/537.36 (KHTML, like Gecko) Chrome/61.0.3163.100 Safari/537.36" 60
0:0:0:0:0:0:0:1 - - [11/nov/2017:20:11:17 +0000] "GET /compras/produto/nome/Steel HTTP/1.1" 2 0 "-" "Mozilla/5.0 (Windows NT 10.0; Win64; x64) AppleWebKit/537.36 (KHTML, like Gecko) Chrome/61.0.3163.100 Safari/537.36" 71
0:0:0:0:0:0:0:1 - - [11/nov/2017:20:11:21 +0000] "GET /compras/produto/nome/Mouse HTTP/1.1" 2 0 "-" "Mozilla/5.0 (Windows NT 10.0; Win64; x64) AppleWebKit/537.36 (KHTML, like Gecko) Chrome/61.0.3163.100 Safari/537.36" 5
0:0:0:0:0:0:0:1 - - [11/nov/2017:20:11:52 +0000] "GET /compras/produto/123 HTTP/1.1" 200 229 "-" "Mozilla/5.0 (Windows NT 10.0; Win64; x64) AppleWebKit/537.36 (KHTML, like Gecko) Chrome/61.0.3163.100 Safari/537.36" 7
0:0:0:0:0:0:0:1 - - [11/nov/2017:20:11:55 +0000] "GET /compras/produto HTTP/1.1" 405 52 "-" "Mozilla/5.0 (Windows NT 10.0; Win64; x64) AppleWebKit/537.36 (KHTML, like Gecko) Chrome/61.0.3163.100 Safari/537.36" 11
0:0:0:0:0:0:0:1 - - [11/nov/2017:20:11:57 +0000] "GET /compras/produtos HTTP/1.1" 200 231 "-" "Mozilla/5.0 (Windows NT 10.0; Win64; x64) AppleWebKit/537.36 (KHTML, like Gecko) Chrome/61.0.3163.100 Safari/537.36" 5
0:0:0:0:0:0:0:1 - - [11/nov/2017:20:21:22 +0000] "GET /compras/produtos HTTP/1.1" 200 231 "-" "Mozilla/5.0 (Windows NT 10.0; Win64; x64) AppleWebKit/537.36 (KHTML, like Gecko) Chrome/61.0.3163.100 Safari/537.36" 147
0:0:0:0:0:0:0:1 - - [11/nov/2017:20:21:26 +0000] "GET /compras/produto/123 HTTP/1.1" 200 229 "-" "Mozilla/5.0 (Windows NT 10.0; Win64; x64) AppleWebKit/537.36 (KHTML, like Gecko) Chrome/61.0.3163.100 Safari/537.36" 12
0:0:0:0:0:0:0:1 - - [11/nov/2017:20:21:38 +0000] "GET /compras/produto/nome/Mouse HTTP/1.1" 200 229 "-" "Mozilla/5.0 (Windows NT 10.0; Win64; x64) AppleWebKit/537.36 (KHTML, like Gecko) Chrome/61.0.3163.100 Safari/537.36" 7
0:0:0:0:0:0:0:1 - - [11/nov/2017:20:21:40 +0000] "GET /compras/produto/nome/Mouse HTTP/1.1" 200 229 "-" "Mozilla/5.0 (Windows NT 10.0; Win64; x64) AppleWebKit/537.36 (KHTML, like Gecko) Chrome/61.0.3163.100 Safari/537.36" 4
0:0:0:0:0:0:0:1 - - [11/nov/2017:20:23:57 +0000] "GET /compras/produtos HTTP/1.1" 200 231 "-" "Mozilla/5.0 (Windows NT 10.0; Win64; x64) AppleWebKit/537.36 (KHTML, like Gecko) Chrome/61.0.3163.100 Safari/537.36" 6
0:0:0:0:0:0:0:1 - - [11/nov/2017:20:24:18 +0000] "GET /compras/produto/nome/Mouse HTTP/1.1" 200 229 "-" "Mozilla/5.0 (Windows NT 10.0; Win64; x64) AppleWebKit/537.36 (KHTML, like Gecko) Chrome/61.0.3163.100 Safari/537.36" 6
0:0:0:0:0:0:0:1 - - [11/nov/2017:20:27:12 +0000] "GET /compras/produtos HTTP/1.1" 200 231 "-" "Mozilla/5.0 (Windows NT 10.0; Win64; x64) AppleWebKit/537.36 (KHTML, like Gecko) Chrome/61.0.3163.100 Safari/537.36" 163
0:0:0:0:0:0:0:1 - - [11/nov/2017:20:27:17 +0000] "GET /compras/produto/123 HTTP/1.1" 200 229 "-" "Mozilla/5.0 (Windows NT 10.0; Win64; x64) AppleWebKit/537.36 (KHTML, like Gecko) Chrome/61.0.3163.100 Safari/537.36" 13
0:0:0:0:0:0:0:1 - - [11/nov/2017:20:27:19 +0000] "GET /compras/produto/nome/Mouse HTTP/1.1" 200 229 "-" "Mozilla/5.0 (Windows NT 10.0; Win64; x64) AppleWebKit/537.36 (KHTML, like Gecko) Chrome/61.0.3163.100 Safari/537.36" 6
0:0:0:0:0:0:0:1 - - [11/nov/2017:20:32:38 +0000] "GET /compras/produtos HTTP/1.1" 200 231 "-" "Mozilla/5.0 (Windows NT 10.0; Win64; x64) AppleWebKit/537.36 (KHTML, like Gecko) Chrome/61.0.3163.100 Safari/537.36" 157
0:0:0:0:0:0:0:1 - - [11/nov/2017:20:32:45 +0000] "GET /compras/produto/nome/Mouse HTTP/1.1" 404 43 "-" "Mozilla/5.0 (Windows NT 10.0; Win64; x64) AppleWebKit/537.36 (KHTML, like Gecko) Chrome/61.0.3163.100 Safari/537.36" 14
0:0:0:0:0:0:0:1 - - [11/nov/2017:20:32:48 +0000] "GET /compras/produto/Mouse HTTP/1.1" 200 229 "-" "Mozilla/5.0 (Windows NT 10.0; Win64; x64) AppleWebKit/537.36 (KHTML, like Gecko) Chrome/61.0.3163.100 Safari/537.36" 11
0:0:0:0:0:0:0:1 - - [11/nov/2017:20:32:51 +0000] "GET /compras/produto/cod/123 HTTP/1.1" 200 229 "-" "Mozilla/5.0 (Windows NT 10.0; Win64; x64) AppleWebKit/537.36 (KHTML, like Gecko) Chrome/61.0.3163.100 Safari/537.36" 6
0:0:0:0:0:0:0:1 - - [11/nov/2017:20:44:20 +0000] "GET /compras/produto/cod/123 HTTP/1.1" 200 229 "-" "Mozilla/5.0 (Windows NT 10.0; Win64; x64) AppleWebKit/537.36 (KHTML, like Gecko) Chrome/61.0.3163.100 Safari/537.36" 64
0:0:0:0:0:0:0:1 - - [11/nov/2017:20:44:39 +0000] "GET /compras/produto/Mouse HTTP/1.1" 200 229 "-" "Mozilla/5.0 (Windows NT 10.0; Win64; x64) AppleWebKit/537.36 (KHTML, like Gecko) Chrome/61.0.3163.100 Safari/537.36" 8
0:0:0:0:0:0:0:1 - - [12/Nov/2017:04:57:01 +0000] "GET /compras/produtos HTTP/1.1" 200 593 "-" "Mozilla/5.0 (Windows NT 10.0; Win64; x64) AppleWebKit/537.36 (KHTML, like Gecko) Chrome/61.0.3163.100 Safari/537.36" 79
0:0:0:0:0:0:0:1 - - [12/Nov/2017:04:59:37 +0000] "GET /compras/produtos HTTP/1.1" 200 231 "-" "Mozilla/5.0 (Windows NT 10.0; Win64; x64) AppleWebKit/537.36 (KHTML, like Gecko) Chrome/61.0.3163.100 Safari/537.36" 3
0:0:0:0:0:0:0:1 - - [12/Nov/2017:04:59:39 +0000] "GET /compras/produtos HTTP/1.1" 200 231 "-" "Mozilla/5.0 (Windows NT 10.0; Win64; x64) AppleWebKit/537.36 (KHTML, like Gecko) Chrome/61.0.3163.100 Safari/537.36" 3
0:0:0:0:0:0:0:1 - - [12/Nov/2017:04:59:56 +0000] "GET /compras/produtos HTTP/1.1" 200 563 "-" "Mozilla/5.0 (Windows NT 10.0; Win64; x64) AppleWebKit/537.36 (KHTML, like Gecko) Chrome/61.0.3163.100 Safari/537.36" 4
0:0:0:0:0:0:0:1 - - [12/Nov/2017:05:02:59 +0000] "GET /compras/produtos HTTP/1.1" 200 853 "-" "Mozilla/5.0 (Windows NT 10.0; Win64; x64) AppleWebKit/537.36 (KHTML, like Gecko) Chrome/61.0.3163.100 Safari/537.36" 4
0:0:0:0:0:0:0:1 - - [12/Nov/2017:05:03:30 +0000] "GET /compras/produtos HTTP/1.1" 200 852 "-" "Mozilla/5.0 (Windows NT 10.0; Win64; x64) AppleWebKit/537.36 (KHTML, like Gecko) Chrome/61.0.3163.100 Safari/537.36" 3
0:0:0:0:0:0:0:1 - - [12/Nov/2017:05:06:39 +0000] "GET /compras/produtos HTTP/1.1" 200 852 "-" "Mozilla/5.0 (Windows NT 10.0; Win64; x64) AppleWebKit/537.36 (KHTML, like Gecko) Chrome/61.0.3163.100 Safari/537.36" 4
0:0:0:0:0:0:0:1 - - [12/Nov/2017:05:07:24 +0000] "GET /compras/produtos HTTP/1.1" 200 1119 "-" "Mozilla/5.0 (Windows NT 10.0; Win64; x64) AppleWebKit/537.36 (KHTML, like Gecko) Chrome/61.0.3163.100 Safari/537.36" 4
0:0:0:0:0:0:0:1 - - [12/Nov/2017:05:08:44 +0000] "GET /compras/produtos HTTP/1.1" 200 1119 "http://front-end.dev/" "Mozilla/5.0 (Windows NT 10.0; Win64; x64) AppleWebKit/537.36 (KHTML, like Gecko) Chrome/61.0.3163.100 Safari/537.36" 5
0:0:0:0:0:0:0:1 - - [12/Nov/2017:05:13:19 +0000] "GET /compras/produtos HTTP/1.1" 200 1119 "http://front-end.dev/" "Mozilla/5.0 (Windows NT 10.0; Win64; x64) AppleWebKit/537.36 (KHTML, like Gecko) Chrome/61.0.3163.100 Safari/537.36" 67
0:0:0:0:0:0:0:1 - - [12/Nov/2017:05:21:46 +0000] "GET /compras/produtos HTTP/1.1" 200 1119 "http://front-end.dev/" "Mozilla/5.0 (Windows NT 10.0; Win64; x64) AppleWebKit/537.36 (KHTML, like Gecko) Chrome/61.0.3163.100 Safari/537.36" 4
0:0:0:0:0:0:0:1 - - [12/Nov/2017:05:22:00 +0000] "GET /compras/produtos HTTP/1.1" 200 1119 "http://front-end.dev/" "Mozilla/5.0 (Windows NT 10.0; Win64; x64) AppleWebKit/537.36 (KHTML, like Gecko) Chrome/61.0.3163.100 Safari/537.36" 4
0:0:0:0:0:0:0:1 - - [12/Nov/2017:05:22:56 +0000] "GET /compras/produtos HTTP/1.1" 200 1119 "http://front-end.dev/" "Mozilla/5.0 (Windows NT 10.0; Win64; x64) AppleWebKit/537.36 (KHTML, like Gecko) Chrome/61.0.3163.100 Safari/537.36" 5
0:0:0:0:0:0:0:1 - - [12/Nov/2017:05:27:05 +0000] "GET /compras/produtos HTTP/1.1" 200 1119 "http://front-end.dev/" "Mozilla/5.0 (Windows NT 10.0; Win64; x64) AppleWebKit/537.36 (KHTML, like Gecko) Chrome/61.0.3163.100 Safari/537.36" 4
0:0:0:0:0:0:0:1 - - [12/Nov/2017:05:27:28 +0000] "GET /compras/produtos HTTP/1.1" 200 1119 "http://front-end.dev/" "Mozilla/5.0 (Windows NT 10.0; Win64; x64) AppleWebKit/537.36 (KHTML, like Gecko) Chrome/61.0.3163.100 Safari/537.36" 4
0:0:0:0:0:0:0:1 - - [12/Nov/2017:05:27:29 +0000] "GET /compras/produtos HTTP/1.1" 200 1119 "http://front-end.dev/single-produto.html" "Mozilla/5.0 (Windows NT 10.0; Win64; x64) AppleWebKit/537.36 (KHTML, like Gecko) Chrome/61.0.3163.100 Safari/537.36" 4
0:0:0:0:0:0:0:1 - - [12/Nov/2017:05:27:34 +0000] "GET /compras/produtos HTTP/1.1" 200 1119 "http://front-end.dev/single-produto.html" "Mozilla/5.0 (Windows NT 10.0; Win64; x64) AppleWebKit/537.36 (KHTML, like Gecko) Chrome/61.0.3163.100 Safari/537.36" 3
0:0:0:0:0:0:0:1 - - [12/Nov/2017:05:28:22 +0000] "GET /compras/produtos HTTP/1.1" 200 1119 "http://front-end.dev/single-produto.html" "Mozilla/5.0 (Windows NT 10.0; Win64; x64) AppleWebKit/537.36 (KHTML, like Gecko) Chrome/61.0.3163.100 Safari/537.36" 3
0:0:0:0:0:0:0:1 - - [12/Nov/2017:05:28:27 +0000] "GET /compras/produtos HTTP/1.1" 200 1119 "http://front-end.dev/" "Mozilla/5.0 (Windows NT 10.0; Win64; x64) AppleWebKit/537.36 (KHTML, like Gecko) Chrome/61.0.3163.100 Safari/537.36" 3
0:0:0:0:0:0:0:1 - - [12/Nov/2017:05:28:30 +0000] "GET /compras/produtos HTTP/1.1" 200 1119 "http://front-end.dev/" "Mozilla/5.0 (Windows NT 10.0; Win64; x64) AppleWebKit/537.36 (KHTML, like Gecko) Chrome/61.0.3163.100 Safari/537.36" 3
0:0:0:0:0:0:0:1 - - [12/Nov/2017:05:29:23 +0000] "GET /compras/produtos HTTP/1.1" 200 1119 "http://front-end.dev/" "Mozilla/5.0 (Windows NT 10.0; Win64; x64) AppleWebKit/537.36 (KHTML, like Gecko) Chrome/61.0.3163.100 Safari/537.36" 3
0:0:0:0:0:0:0:1 - - [12/Nov/2017:05:30:19 +0000] "GET /compras/produtos HTTP/1.1" 200 1119 "http://front-end.dev/" "Mozilla/5.0 (Windows NT 10.0; Win64; x64) AppleWebKit/537.36 (KHTML, like Gecko) Chrome/61.0.3163.100 Safari/537.36" 3
0:0:0:0:0:0:0:1 - - [12/Nov/2017:05:30:34 +0000] "GET /compras/produtos HTTP/1.1" 200 1119 "http://front-end.dev/" "Mozilla/5.0 (Windows NT 10.0; Win64; x64) AppleWebKit/537.36 (KHTML, like Gecko) Chrome/61.0.3163.100 Safari/537.36" 4
0:0:0:0:0:0:0:1 - - [12/Nov/2017:05:30:55 +0000] "GET /compras/produtos HTTP/1.1" 200 1119 "http://front-end.dev/" "Mozilla/5.0 (Windows NT 10.0; Win64; x64) AppleWebKit/537.36 (KHTML, like Gecko) Chrome/61.0.3163.100 Safari/537.36" 3
0:0:0:0:0:0:0:1 - - [12/Nov/2017:05:31:44 +0000] "GET /compras/produtos HTTP/1.1" 200 1119 "http://front-end.dev/" "Mozilla/5.0 (Windows NT 10.0; Win64; x64) AppleWebKit/537.36 (KHTML, like Gecko) Chrome/61.0.3163.100 Safari/537.36" 5
0:0:0:0:0:0:0:1 - - [12/Nov/2017:05:33:21 +0000] "GET /compras/produtos HTTP/1.1" 200 1119 "http://front-end.dev/" "Mozilla/5.0 (Windows NT 10.0; Win64; x64) AppleWebKit/537.36 (KHTML, like Gecko) Chrome/61.0.3163.100 Safari/537.36" 4
0:0:0:0:0:0:0:1 - - [12/Nov/2017:05:34:18 +0000] "GET /compras/produtos HTTP/1.1" 200 1119 "http://front-end.dev/" "Mozilla/5.0 (Windows NT 10.0; Win64; x64) AppleWebKit/537.36 (KHTML, like Gecko) Chrome/61.0.3163.100 Safari/537.36" 3
0:0:0:0:0:0:0:1 - - [12/Nov/2017:05:34:37 +0000] "GET /compras/produtos HTTP/1.1" 200 1119 "http://front-end.dev/" "Mozilla/5.0 (Windows NT 10.0; Win64; x64) AppleWebKit/537.36 (KHTML, like Gecko) Chrome/61.0.3163.100 Safari/537.36" 3
0:0:0:0:0:0:0:1 - - [12/Nov/2017:05:34:41 +0000] "GET /compras/produtos HTTP/1.1" 200 1119 "http://front-end.dev/" "Mozilla/5.0 (Windows NT 10.0; Win64; x64) AppleWebKit/537.36 (KHTML, like Gecko) Chrome/61.0.3163.100 Safari/537.36" 3
0:0:0:0:0:0:0:1 - - [12/Nov/2017:05:34:48 +0000] "GET /compras/produtos HTTP/1.1" 200 1119 "http://front-end.dev/" "Mozilla/5.0 (Windows NT 10.0; Win64; x64) AppleWebKit/537.36 (KHTML, like Gecko) Chrome/61.0.3163.100 Safari/537.36" 3
0:0:0:0:0:0:0:1 - - [12/Nov/2017:05:34:49 +0000] "GET /compras/produtos HTTP/1.1" 200 1119 "http://front-end.dev/single-produto.html" "Mozilla/5.0 (Windows NT 10.0; Win64; x64) AppleWebKit/537.36 (KHTML, like Gecko) Chrome/61.0.3163.100 Safari/537.36" 3
0:0:0:0:0:0:0:1 - - [12/Nov/2017:05:34:58 +0000] "GET /compras/produtos HTTP/1.1" 200 1119 "http://front-end.dev/" "Mozilla/5.0 (Windows NT 10.0; Win64; x64) AppleWebKit/537.36 (KHTML, like Gecko) Chrome/61.0.3163.100 Safari/537.36" 6
0:0:0:0:0:0:0:1 - - [12/Nov/2017:05:36:39 +0000] "GET /compras/produtos HTTP/1.1" 200 1119 "http://front-end.dev/" "Mozilla/5.0 (Windows NT 10.0; Win64; x64) AppleWebKit/537.36 (KHTML, like Gecko) Chrome/61.0.3163.100 Safari/537.36" 3
0:0:0:0:0:0:0:1 - - [12/Nov/2017:05:36:41 +0000] "GET /compras/produtos HTTP/1.1" 200 1119 "http://front-end.dev/single-produto.html" "Mozilla/5.0 (Windows NT 10.0; Win64; x64) AppleWebKit/537.36 (KHTML, like Gecko) Chrome/61.0.3163.100 Safari/537.36" 3
0:0:0:0:0:0:0:1 - - [12/Nov/2017:05:50:42 +0000] "GET /compras/produtos HTTP/1.1" 200 1119 "http://front-end.dev/single-produto.html" "Mozilla/5.0 (Windows NT 10.0; Win64; x64) AppleWebKit/537.36 (KHTML, like Gecko) Chrome/61.0.3163.100 Safari/537.36" 3
0:0:0:0:0:0:0:1 - - [12/Nov/2017:05:51:33 +0000] "GET /compras/produtos HTTP/1.1" 200 1119 "http://front-end.dev/single-produto.html" "Mozilla/5.0 (Windows NT 10.0; Win64; x64) AppleWebKit/537.36 (KHTML, like Gecko) Chrome/61.0.3163.100 Safari/537.36" 3
0:0:0:0:0:0:0:1 - - [12/Nov/2017:05:52:11 +0000] "GET /compras/produtos HTTP/1.1" 200 1119 "http://front-end.dev/single-produto.html" "Mozilla/5.0 (Windows NT 10.0; Win64; x64) AppleWebKit/537.36 (KHTML, like Gecko) Chrome/61.0.3163.100 Safari/537.36" 3
0:0:0:0:0:0:0:1 - - [12/Nov/2017:05:53:12 +0000] "GET /compras/produtos HTTP/1.1" 200 1119 "http://front-end.dev/single-produto.html" "Mozilla/5.0 (Windows NT 10.0; Win64; x64) AppleWebKit/537.36 (KHTML, like Gecko) Chrome/61.0.3163.100 Safari/537.36" 4
0:0:0:0:0:0:0:1 - - [12/Nov/2017:05:53:13 +0000] "GET /compras/produtos HTTP/1.1" 200 1119 "http://front-end.dev/" "Mozilla/5.0 (Windows NT 10.0; Win64; x64) AppleWebKit/537.36 (KHTML, like Gecko) Chrome/61.0.3163.100 Safari/537.36" 4
0:0:0:0:0:0:0:1 - - [12/Nov/2017:05:53:15 +0000] "GET /compras/produtos HTTP/1.1" 200 1119 "http://front-end.dev/" "Mozilla/5.0 (Windows NT 10.0; Win64; x64) AppleWebKit/537.36 (KHTML, like Gecko) Chrome/61.0.3163.100 Safari/537.36" 3
0:0:0:0:0:0:0:1 - - [12/Nov/2017:05:53:16 +0000] "GET /compras/produtos HTTP/1.1" 200 1119 "http://front-end.dev/single-produto.html" "Mozilla/5.0 (Windows NT 10.0; Win64; x64) AppleWebKit/537.36 (KHTML, like Gecko) Chrome/61.0.3163.100 Safari/537.36" 3
0:0:0:0:0:0:0:1 - - [12/Nov/2017:05:53:19 +0000] "GET /compras/produtos HTTP/1.1" 200 1119 "http://front-end.dev/" "Mozilla/5.0 (Windows NT 10.0; Win64; x64) AppleWebKit/537.36 (KHTML, like Gecko) Chrome/61.0.3163.100 Safari/537.36" 3
0:0:0:0:0:0:0:1 - - [12/Nov/2017:05:53:28 +0000] "GET /compras/produtos HTTP/1.1" 200 1119 "http://front-end.dev/" "Mozilla/5.0 (Windows NT 10.0; Win64; x64) AppleWebKit/537.36 (KHTML, like Gecko) Chrome/61.0.3163.100 Safari/537.36" 2
0:0:0:0:0:0:0:1 - - [12/Nov/2017:05:53:39 +0000] "GET /compras/produtos HTTP/1.1" 200 1119 "http://front-end.dev/" "Mozilla/5.0 (Windows NT 10.0; Win64; x64) AppleWebKit/537.36 (KHTML, like Gecko) Chrome/61.0.3163.100 Safari/537.36" 2
0:0:0:0:0:0:0:1 - - [12/Nov/2017:05:53:40 +0000] "GET /compras/produtos HTTP/1.1" 200 1119 "http://front-end.dev/single-produto.html" "Mozilla/5.0 (Windows NT 10.0; Win64; x64) AppleWebKit/537.36 (KHTML, like Gecko) Chrome/61.0.3163.100 Safari/537.36" 4
0:0:0:0:0:0:0:1 - - [12/Nov/2017:05:53:43 +0000] "GET /compras/produtos HTTP/1.1" 200 1119 "http://front-end.dev/" "Mozilla/5.0 (Windows NT 10.0; Win64; x64) AppleWebKit/537.36 (KHTML, like Gecko) Chrome/61.0.3163.100 Safari/537.36" 3
0:0:0:0:0:0:0:1 - - [12/Nov/2017:05:53:46 +0000] "GET /compras/produtos HTTP/1.1" 200 1119 "http://front-end.dev/single-produto.html" "Mozilla/5.0 (Windows NT 10.0; Win64; x64) AppleWebKit/537.36 (KHTML, like Gecko) Chrome/61.0.3163.100 Safari/537.36" 3
0:0:0:0:0:0:0:1 - - [12/Nov/2017:05:53:47 +0000] "GET /compras/produtos HTTP/1.1" 200 1119 "http://front-end.dev/" "Mozilla/5.0 (Windows NT 10.0; Win64; x64) AppleWebKit/537.36 (KHTML, like Gecko) Chrome/61.0.3163.100 Safari/537.36" 3
0:0:0:0:0:0:0:1 - - [12/Nov/2017:05:53:52 +0000] "GET /compras/produtos HTTP/1.1" 200 1119 "http://front-end.dev/single-produto.html" "Mozilla/5.0 (Windows NT 10.0; Win64; x64) AppleWebKit/537.36 (KHTML, like Gecko) Chrome/61.0.3163.100 Safari/537.36" 2
0:0:0:0:0:0:0:1 - - [12/Nov/2017:05:53:58 +0000] "GET /compras/produtos HTTP/1.1" 200 1119 "http://front-end.dev/" "Mozilla/5.0 (Windows NT 10.0; Win64; x64) AppleWebKit/537.36 (KHTML, like Gecko) Chrome/61.0.3163.100 Safari/537.36" 3
0:0:0:0:0:0:0:1 - - [12/Nov/2017:05:54:01 +0000] "GET /compras/produtos HTTP/1.1" 200 1119 "http://front-end.dev/single-produto.html" "Mozilla/5.0 (Windows NT 10.0; Win64; x64) AppleWebKit/537.36 (KHTML, like Gecko) Chrome/61.0.3163.100 Safari/537.36" 3
0:0:0:0:0:0:0:1 - - [12/Nov/2017:05:58:43 +0000] "GET /compras/produtos HTTP/1.1" 200 1119 "http://front-end.dev/" "Mozilla/5.0 (Windows NT 10.0; Win64; x64) AppleWebKit/537.36 (KHTML, like Gecko) Chrome/61.0.3163.100 Safari/537.36" 3
0:0:0:0:0:0:0:1 - - [12/Nov/2017:05:58:46 +0000] "GET /compras/produtos HTTP/1.1" 200 1119 "http://front-end.dev/single-produto.html" "Mozilla/5.0 (Windows NT 10.0; Win64; x64) AppleWebKit/537.36 (KHTML, like Gecko) Chrome/61.0.3163.100 Safari/537.36" 3
0:0:0:0:0:0:0:1 - - [12/Nov/2017:05:58:47 +0000] "GET /compras/produtos HTTP/1.1" 200 1119 "http://front-end.dev/" "Mozilla/5.0 (Windows NT 10.0; Win64; x64) AppleWebKit/537.36 (KHTML, like Gecko) Chrome/61.0.3163.100 Safari/537.36" 3
0:0:0:0:0:0:0:1 - - [12/Nov/2017:06:00:42 +0000] "GET /compras/produtos HTTP/1.1" 200 1119 "http://front-end.dev/" "Mozilla/5.0 (Windows NT 10.0; Win64; x64) AppleWebKit/537.36 (KHTML, like Gecko) Chrome/61.0.3163.100 Safari/537.36" 2
0:0:0:0:0:0:0:1 - - [12/Nov/2017:06:00:45 +0000] "GET /compras/produtos HTTP/1.1" 200 1119 "http://front-end.dev/" "Mozilla/5.0 (Windows NT 10.0; Win64; x64) AppleWebKit/537.36 (KHTML, like Gecko) Chrome/61.0.3163.100 Safari/537.36" 4
0:0:0:0:0:0:0:1 - - [12/Nov/2017:06:00:53 +0000] "GET /compras/produtos HTTP/1.1" 200 1119 "http://front-end.dev/" "Mozilla/5.0 (Windows NT 10.0; Win64; x64) AppleWebKit/537.36 (KHTML, like Gecko) Chrome/61.0.3163.100 Safari/537.36" 3
0:0:0:0:0:0:0:1 - - [12/Nov/2017:06:00:54 +0000] "GET /compras/produtos HTTP/1.1" 200 1119 "http://front-end.dev/single-produto.html" "Mozilla/5.0 (Windows NT 10.0; Win64; x64) AppleWebKit/537.36 (KHTML, like Gecko) Chrome/61.0.3163.100 Safari/537.36" 2
0:0:0:0:0:0:0:1 - - [12/Nov/2017:06:01:14 +0000] "GET /compras/produtos HTTP/1.1" 200 1119 "http://front-end.dev/single-produto.html" "Mozilla/5.0 (Windows NT 10.0; Win64; x64) AppleWebKit/537.36 (KHTML, like Gecko) Chrome/61.0.3163.100 Safari/537.36" 3
0:0:0:0:0:0:0:1 - - [12/Nov/2017:06:01:17 +0000] "GET /compras/produtos HTTP/1.1" 200 1119 "http://front-end.dev/" "Mozilla/5.0 (Windows NT 10.0; Win64; x64) AppleWebKit/537.36 (KHTML, like Gecko) Chrome/61.0.3163.100 Safari/537.36" 3
0:0:0:0:0:0:0:1 - - [12/Nov/2017:06:01:19 +0000] "GET /compras/produtos HTTP/1.1" 200 1119 "http://front-end.dev/single-produto.html" "Mozilla/5.0 (Windows NT 10.0; Win64; x64) AppleWebKit/537.36 (KHTML, like Gecko) Chrome/61.0.3163.100 Safari/537.36" 2
0:0:0:0:0:0:0:1 - - [12/Nov/2017:06:01:22 +0000] "GET /compras/produtos HTTP/1.1" 200 1119 "http://front-end.dev/" "Mozilla/5.0 (Windows NT 10.0; Win64; x64) AppleWebKit/537.36 (KHTML, like Gecko) Chrome/61.0.3163.100 Safari/537.36" 3
0:0:0:0:0:0:0:1 - - [12/Nov/2017:06:01:24 +0000] "GET /compras/produtos HTTP/1.1" 200 1119 "http://front-end.dev/single-produto.html" "Mozilla/5.0 (Windows NT 10.0; Win64; x64) AppleWebKit/537.36 (KHTML, like Gecko) Chrome/61.0.3163.100 Safari/537.36" 2
0:0:0:0:0:0:0:1 - - [12/Nov/2017:06:01:42 +0000] "GET /compras/produtos HTTP/1.1" 200 1119 "http://front-end.dev/single-produto.html" "Mozilla/5.0 (Windows NT 10.0; Win64; x64) AppleWebKit/537.36 (KHTML, like Gecko) Chrome/61.0.3163.100 Safari/537.36" 3
0:0:0:0:0:0:0:1 - - [12/Nov/2017:06:01:52 +0000] "GET /compras/produtos HTTP/1.1" 200 1119 "http://front-end.dev/single-produto.html" "Mozilla/5.0 (Windows NT 10.0; Win64; x64) AppleWebKit/537.36 (KHTML, like Gecko) Chrome/61.0.3163.100 Safari/537.36" 3
0:0:0:0:0:0:0:1 - - [12/Nov/2017:06:02:05 +0000] "GET /compras/produtos HTTP/1.1" 200 1119 "http://front-end.dev/single-produto.html" "Mozilla/5.0 (Windows NT 10.0; Win64; x64) AppleWebKit/537.36 (KHTML, like Gecko) Chrome/61.0.3163.100 Safari/537.36" 3
0:0:0:0:0:0:0:1 - - [12/Nov/2017:06:02:12 +0000] "GET /compras/produtos HTTP/1.1" 200 1119 "http://front-end.dev/single-produto.html" "Mozilla/5.0 (Windows NT 10.0; Win64; x64) AppleWebKit/537.36 (KHTML, like Gecko) Chrome/61.0.3163.100 Safari/537.36" 3
0:0:0:0:0:0:0:1 - - [12/Nov/2017:06:02:23 +0000] "GET /compras/produtos HTTP/1.1" 200 1119 "http://front-end.dev/single-produto.html" "Mozilla/5.0 (Windows NT 10.0; Win64; x64) AppleWebKit/537.36 (KHTML, like Gecko) Chrome/61.0.3163.100 Safari/537.36" 3
0:0:0:0:0:0:0:1 - - [12/Nov/2017:06:05:46 +0000] "GET /compras/produtos HTTP/1.1" 200 1119 "http://front-end.dev/single-produto.html" "Mozilla/5.0 (Windows NT 10.0; Win64; x64) AppleWebKit/537.36 (KHTML, like Gecko) Chrome/61.0.3163.100 Safari/537.36" 4
0:0:0:0:0:0:0:1 - - [12/Nov/2017:06:06:20 +0000] "GET /compras/produtos HTTP/1.1" 200 1119 "http://front-end.dev/" "Mozilla/5.0 (Windows NT 10.0; Win64; x64) AppleWebKit/537.36 (KHTML, like Gecko) Chrome/61.0.3163.100 Safari/537.36" 3
0:0:0:0:0:0:0:1 - - [12/Nov/2017:06:14:59 +0000] "GET /compras/produtos HTTP/1.1" 200 1119 "http://front-end.dev/single-produto.html" "Mozilla/5.0 (Windows NT 10.0; Win64; x64) AppleWebKit/537.36 (KHTML, like Gecko) Chrome/61.0.3163.100 Safari/537.36" 4
0:0:0:0:0:0:0:1 - - [12/Nov/2017:15:07:24 +0000] "GET /compras/produtos HTTP/1.1" 500 110 "-" "Mozilla/5.0 (Windows NT 10.0; Win64; x64) AppleWebKit/537.36 (KHTML, like Gecko) Chrome/61.0.3163.100 Safari/537.36" 68
0:0:0:0:0:0:0:1 - - [12/Nov/2017:15:07:24 +0000] "GET /favicon.ico HTTP/1.1" 404 43 "http://localhost:7000/compras/produtos" "Mozilla/5.0 (Windows NT 10.0; Win64; x64) AppleWebKit/537.36 (KHTML, like Gecko) Chrome/61.0.3163.100 Safari/537.36" 2
0:0:0:0:0:0:0:1 - - [12/Nov/2017:15:07:33 +0000] "GET /compras/produtos HTTP/1.1" 200 1119 "-" "Mozilla/5.0 (Windows NT 10.0; Win64; x64) AppleWebKit/537.36 (KHTML, like Gecko) Chrome/61.0.3163.100 Safari/537.36" 86
0:0:0:0:0:0:0:1 - - [12/Nov/2017:15:07:50 +0000] "GET /compras/produtos HTTP/1.1" 200 1119 "http://front-end.dev/" "Mozilla/5.0 (Windows NT 10.0; Win64; x64) AppleWebKit/537.36 (KHTML, like Gecko) Chrome/61.0.3163.100 Safari/537.36" 4
0:0:0:0:0:0:0:1 - - [12/Nov/2017:15:08:13 +0000] "GET /compras/produtos HTTP/1.1" 200 1119 "http://front-end.dev/single-produto.html" "Mozilla/5.0 (Windows NT 10.0; Win64; x64) AppleWebKit/537.36 (KHTML, like Gecko) Chrome/61.0.3163.100 Safari/537.36" 3
0:0:0:0:0:0:0:1 - - [12/Nov/2017:15:08:18 +0000] "GET /compras/produtos HTTP/1.1" 200 1119 "http://front-end.dev/" "Mozilla/5.0 (Windows NT 10.0; Win64; x64) AppleWebKit/537.36 (KHTML, like Gecko) Chrome/61.0.3163.100 Safari/537.36" 3
0:0:0:0:0:0:0:1 - - [12/Nov/2017:15:08:21 +0000] "GET /compras/produtos HTTP/1.1" 200 1119 "http://front-end.dev/?" "Mozilla/5.0 (Windows NT 10.0; Win64; x64) AppleWebKit/537.36 (KHTML, like Gecko) Chrome/61.0.3163.100 Safari/537.36" 3
0:0:0:0:0:0:0:1 - - [12/Nov/2017:15:08:54 +0000] "GET /compras/produtos HTTP/1.1" 200 1119 "http://front-end.dev/single-produto.html" "Mozilla/5.0 (Windows NT 10.0; Win64; x64) AppleWebKit/537.36 (KHTML, like Gecko) Chrome/61.0.3163.100 Safari/537.36" 3
0:0:0:0:0:0:0:1 - - [12/Nov/2017:15:08:59 +0000] "GET /compras/produtos HTTP/1.1" 200 1119 "http://front-end.dev/" "Mozilla/5.0 (Windows NT 10.0; Win64; x64) AppleWebKit/537.36 (KHTML, like Gecko) Chrome/61.0.3163.100 Safari/537.36" 4
0:0:0:0:0:0:0:1 - - [12/Nov/2017:15:09:01 +0000] "GET /compras/produtos HTTP/1.1" 200 1119 "http://front-end.dev/single-produto.html" "Mozilla/5.0 (Windows NT 10.0; Win64; x64) AppleWebKit/537.36 (KHTML, like Gecko) Chrome/61.0.3163.100 Safari/537.36" 3
0:0:0:0:0:0:0:1 - - [12/Nov/2017:15:09:09 +0000] "GET /compras/produtos HTTP/1.1" 200 1119 "http://front-end.dev/" "Mozilla/5.0 (Windows NT 10.0; Win64; x64) AppleWebKit/537.36 (KHTML, like Gecko) Chrome/61.0.3163.100 Safari/537.36" 3
0:0:0:0:0:0:0:1 - - [12/Nov/2017:15:09:13 +0000] "GET /compras/produtos HTTP/1.1" 200 1119 "http://front-end.dev/single-produto.html" "Mozilla/5.0 (Windows NT 10.0; Win64; x64) AppleWebKit/537.36 (KHTML, like Gecko) Chrome/61.0.3163.100 Safari/537.36" 4
0:0:0:0:0:0:0:1 - - [12/Nov/2017:15:09:17 +0000] "GET /compras/produtos HTTP/1.1" 200 1119 "http://front-end.dev/" "Mozilla/5.0 (Windows NT 10.0; Win64; x64) AppleWebKit/537.36 (KHTML, like Gecko) Chrome/61.0.3163.100 Safari/537.36" 3
0:0:0:0:0:0:0:1 - - [12/Nov/2017:15:10:16 +0000] "GET /compras/produtos HTTP/1.1" 200 1119 "http://front-end.dev/" "Mozilla/5.0 (Windows NT 10.0; Win64; x64) AppleWebKit/537.36 (KHTML, like Gecko) Chrome/61.0.3163.100 Safari/537.36" 3
0:0:0:0:0:0:0:1 - - [12/Nov/2017:15:10:56 +0000] "GET /compras/produto/nome/steel HTTP/1.1" 404 43 "-" "Mozilla/5.0 (Windows NT 10.0; Win64; x64) AppleWebKit/537.36 (KHTML, like Gecko) Chrome/61.0.3163.100 Safari/537.36" 8
0:0:0:0:0:0:0:1 - - [12/Nov/2017:15:11:11 +0000] "GET /compras/produto/steel HTTP/1.1" 200 0 "-" "Mozilla/5.0 (Windows NT 10.0; Win64; x64) AppleWebKit/537.36 (KHTML, like Gecko) Chrome/61.0.3163.100 Safari/537.36" 7
0:0:0:0:0:0:0:1 - - [12/Nov/2017:15:11:17 +0000] "GET /compras/produto/mouse HTTP/1.1" 200 0 "-" "Mozilla/5.0 (Windows NT 10.0; Win64; x64) AppleWebKit/537.36 (KHTML, like Gecko) Chrome/61.0.3163.100 Safari/537.36" 2
0:0:0:0:0:0:0:1 - - [12/Nov/2017:15:12:30 +0000] "GET /compras/produto/ HTTP/1.1" 405 52 "-" "Mozilla/5.0 (Windows NT 10.0; Win64; x64) AppleWebKit/537.36 (KHTML, like Gecko) Chrome/61.0.3163.100 Safari/537.36" 2
0:0:0:0:0:0:0:1 - - [12/Nov/2017:15:12:34 +0000] "GET /compras/produto/a HTTP/1.1" 200 288 "-" "Mozilla/5.0 (Windows NT 10.0; Win64; x64) AppleWebKit/537.36 (KHTML, like Gecko) Chrome/61.0.3163.100 Safari/537.36" 3
0:0:0:0:0:0:0:1 - - [12/Nov/2017:15:12:47 +0000] "GET /compras/produto/Caixa HTTP/1.1" 200 288 "-" "Mozilla/5.0 (Windows NT 10.0; Win64; x64) AppleWebKit/537.36 (KHTML, like Gecko) Chrome/61.0.3163.100 Safari/537.36" 3
0:0:0:0:0:0:0:1 - - [12/Nov/2017:15:12:51 +0000] "GET /compras/produto/Steel HTTP/1.1" 200 229 "-" "Mozilla/5.0 (Windows NT 10.0; Win64; x64) AppleWebKit/537.36 (KHTML, like Gecko) Chrome/61.0.3163.100 Safari/537.36" 2
0:0:0:0:0:0:0:1 - - [12/Nov/2017:15:14:24 +0000] "GET /compras/produto/steel HTTP/1.1" 200 229 "-" "Mozilla/5.0 (Windows NT 10.0; Win64; x64) AppleWebKit/537.36 (KHTML, like Gecko) Chrome/61.0.3163.100 Safari/537.36" 68
0:0:0:0:0:0:0:1 - - [12/Nov/2017:15:14:28 +0000] "GET /compras/produto/Steel HTTP/1.1" 200 0 "-" "Mozilla/5.0 (Windows NT 10.0; Win64; x64) AppleWebKit/537.36 (KHTML, like Gecko) Chrome/61.0.3163.100 Safari/537.36" 3
0:0:0:0:0:0:0:1 - - [12/Nov/2017:15:14:31 +0000] "GET /compras/produto/steel HTTP/1.1" 200 229 "-" "Mozilla/5.0 (Windows NT 10.0; Win64; x64) AppleWebKit/537.36 (KHTML, like Gecko) Chrome/61.0.3163.100 Safari/537.36" 3
0:0:0:0:0:0:0:1 - - [12/Nov/2017:15:14:35 +0000] "GET /compras/produto/mouse HTTP/1.1" 200 229 "-" "Mozilla/5.0 (Windows NT 10.0; Win64; x64) AppleWebKit/537.36 (KHTML, like Gecko) Chrome/61.0.3163.100 Safari/537.36" 3
0:0:0:0:0:0:0:1 - - [12/Nov/2017:15:14:39 +0000] "GET /compras/produto/caixa HTTP/1.1" 200 288 "-" "Mozilla/5.0 (Windows NT 10.0; Win64; x64) AppleWebKit/537.36 (KHTML, like Gecko) Chrome/61.0.3163.100 Safari/537.36" 5
0:0:0:0:0:0:0:1 - - [12/Nov/2017:15:14:42 +0000] "GET /compras/produto/som HTTP/1.1" 200 288 "-" "Mozilla/5.0 (Windows NT 10.0; Win64; x64) AppleWebKit/537.36 (KHTML, like Gecko) Chrome/61.0.3163.100 Safari/537.36" 3
0:0:0:0:0:0:0:1 - - [12/Nov/2017:15:14:45 +0000] "GET /compras/produto/jbl HTTP/1.1" 200 288 "-" "Mozilla/5.0 (Windows NT 10.0; Win64; x64) AppleWebKit/537.36 (KHTML, like Gecko) Chrome/61.0.3163.100 Safari/537.36" 3
0:0:0:0:0:0:0:1 - - [12/Nov/2017:15:22:28 +0000] "GET /compras/produtos HTTP/1.1" 200 1119 "http://front-end.dev/" "Mozilla/5.0 (Windows NT 10.0; Win64; x64) AppleWebKit/537.36 (KHTML, like Gecko) Chrome/61.0.3163.100 Safari/537.36" 6
0:0:0:0:0:0:0:1 - - [12/Nov/2017:15:22:35 +0000] "GET /compras/produtos HTTP/1.1" 200 1119 "http://front-end.dev/?" "Mozilla/5.0 (Windows NT 10.0; Win64; x64) AppleWebKit/537.36 (KHTML, like Gecko) Chrome/61.0.3163.100 Safari/537.36" 4
0:0:0:0:0:0:0:1 - - [12/Nov/2017:15:23:03 +0000] "GET /compras/produtos HTTP/1.1" 200 1119 "http://front-end.dev/?" "Mozilla/5.0 (Windows NT 10.0; Win64; x64) AppleWebKit/537.36 (KHTML, like Gecko) Chrome/61.0.3163.100 Safari/537.36" 3
0:0:0:0:0:0:0:1 - - [12/Nov/2017:15:23:06 +0000] "GET /compras/produto/teste HTTP/1.1" 200 0 "http://front-end.dev/?" "Mozilla/5.0 (Windows NT 10.0; Win64; x64) AppleWebKit/537.36 (KHTML, like Gecko) Chrome/61.0.3163.100 Safari/537.36" 3
0:0:0:0:0:0:0:1 - - [12/Nov/2017:15:23:15 +0000] "GET /compras/produtos HTTP/1.1" 200 1119 "http://front-end.dev/" "Mozilla/5.0 (Windows NT 10.0; Win64; x64) AppleWebKit/537.36 (KHTML, like Gecko) Chrome/61.0.3163.100 Safari/537.36" 3
0:0:0:0:0:0:0:1 - - [12/Nov/2017:15:23:29 +0000] "GET /compras/produtos HTTP/1.1" 200 1119 "http://front-end.dev/" "Mozilla/5.0 (Windows NT 10.0; Win64; x64) AppleWebKit/537.36 (KHTML, like Gecko) Chrome/61.0.3163.100 Safari/537.36" 2
0:0:0:0:0:0:0:1 - - [12/Nov/2017:15:23:35 +0000] "GET /compras/produto/steel HTTP/1.1" 200 229 "http://front-end.dev/" "Mozilla/5.0 (Windows NT 10.0; Win64; x64) AppleWebKit/537.36 (KHTML, like Gecko) Chrome/61.0.3163.100 Safari/537.36" 3
0:0:0:0:0:0:0:1 - - [12/Nov/2017:15:26:00 +0000] "GET /compras/produtos HTTP/1.1" 200 1119 "http://front-end.dev/" "Mozilla/5.0 (Windows NT 10.0; Win64; x64) AppleWebKit/537.36 (KHTML, like Gecko) Chrome/61.0.3163.100 Safari/537.36" 4
0:0:0:0:0:0:0:1 - - [12/Nov/2017:15:26:05 +0000] "GET /compras/produto/raw HTTP/1.1" 200 0 "http://front-end.dev/" "Mozilla/5.0 (Windows NT 10.0; Win64; x64) AppleWebKit/537.36 (KHTML, like Gecko) Chrome/61.0.3163.100 Safari/537.36" 3
0:0:0:0:0:0:0:1 - - [12/Nov/2017:15:26:49 +0000] "GET /compras/produtos HTTP/1.1" 200 1119 "http://front-end.dev/" "Mozilla/5.0 (Windows NT 10.0; Win64; x64) AppleWebKit/537.36 (KHTML, like Gecko) Chrome/61.0.3163.100 Safari/537.36" 4
0:0:0:0:0:0:0:1 - - [12/Nov/2017:15:26:51 +0000] "GET /compras/produto/raw HTTP/1.1" 200 0 "http://front-end.dev/" "Mozilla/5.0 (Windows NT 10.0; Win64; x64) AppleWebKit/537.36 (KHTML, like Gecko) Chrome/61.0.3163.100 Safari/537.36" 3
0:0:0:0:0:0:0:1 - - [12/Nov/2017:15:26:54 +0000] "GET /compras/produto/steel HTTP/1.1" 200 229 "http://front-end.dev/" "Mozilla/5.0 (Windows NT 10.0; Win64; x64) AppleWebKit/537.36 (KHTML, like Gecko) Chrome/61.0.3163.100 Safari/537.36" 3
0:0:0:0:0:0:0:1 - - [12/Nov/2017:15:27:05 +0000] "GET /compras/produto/iphone HTTP/1.1" 200 331 "http://front-end.dev/" "Mozilla/5.0 (Windows NT 10.0; Win64; x64) AppleWebKit/537.36 (KHTML, like Gecko) Chrome/61.0.3163.100 Safari/537.36" 2
0:0:0:0:0:0:0:1 - - [12/Nov/2017:15:27:09 +0000] "GET /compras/produto/iphone HTTP/1.1" 200 331 "http://front-end.dev/" "Mozilla/5.0 (Windows NT 10.0; Win64; x64) AppleWebKit/537.36 (KHTML, like Gecko) Chrome/61.0.3163.100 Safari/537.36" 3
0:0:0:0:0:0:0:1 - - [12/Nov/2017:15:27:12 +0000] "GET /compras/produto/ HTTP/1.1" 405 52 "http://front-end.dev/" "Mozilla/5.0 (Windows NT 10.0; Win64; x64) AppleWebKit/537.36 (KHTML, like Gecko) Chrome/61.0.3163.100 Safari/537.36" 6
0:0:0:0:0:0:0:1 - - [12/Nov/2017:15:27:12 +0000] "GET /compras/produto/ HTTP/1.1" 405 52 "http://front-end.dev/" "Mozilla/5.0 (Windows NT 10.0; Win64; x64) AppleWebKit/537.36 (KHTML, like Gecko) Chrome/61.0.3163.100 Safari/537.36" 1
0:0:0:0:0:0:0:1 - - [12/Nov/2017:15:27:12 +0000] "GET /compras/produto/ HTTP/1.1" 405 52 "http://front-end.dev/" "Mozilla/5.0 (Windows NT 10.0; Win64; x64) AppleWebKit/537.36 (KHTML, like Gecko) Chrome/61.0.3163.100 Safari/537.36" 2
0:0:0:0:0:0:0:1 - - [12/Nov/2017:15:27:12 +0000] "GET /compras/produto/ HTTP/1.1" 405 52 "http://front-end.dev/" "Mozilla/5.0 (Windows NT 10.0; Win64; x64) AppleWebKit/537.36 (KHTML, like Gecko) Chrome/61.0.3163.100 Safari/537.36" 1
0:0:0:0:0:0:0:1 - - [12/Nov/2017:15:27:18 +0000] "GET /compras/produtos HTTP/1.1" 200 1119 "http://front-end.dev/" "Mozilla/5.0 (Windows NT 10.0; Win64; x64) AppleWebKit/537.36 (KHTML, like Gecko) Chrome/61.0.3163.100 Safari/537.36" 2
0:0:0:0:0:0:0:1 - - [12/Nov/2017:15:27:39 +0000] "GET /compras/produtos HTTP/1.1" 200 1119 "http://front-end.dev/" "Mozilla/5.0 (Windows NT 10.0; Win64; x64) AppleWebKit/537.36 (KHTML, like Gecko) Chrome/61.0.3163.100 Safari/537.36" 4
0:0:0:0:0:0:0:1 - - [12/Nov/2017:15:27:41 +0000] "GET /compras/produto/steel HTTP/1.1" 200 229 "http://front-end.dev/" "Mozilla/5.0 (Windows NT 10.0; Win64; x64) AppleWebKit/537.36 (KHTML, like Gecko) Chrome/61.0.3163.100 Safari/537.36" 3
0:0:0:0:0:0:0:1 - - [12/Nov/2017:15:27:42 +0000] "GET /compras/produtos HTTP/1.1" 200 1119 "http://front-end.dev/" "Mozilla/5.0 (Windows NT 10.0; Win64; x64) AppleWebKit/537.36 (KHTML, like Gecko) Chrome/61.0.3163.100 Safari/537.36" 3
0:0:0:0:0:0:0:1 - - [12/Nov/2017:15:27:45 +0000] "GET /compras/produtos HTTP/1.1" 200 1119 "http://front-end.dev/" "Mozilla/5.0 (Windows NT 10.0; Win64; x64) AppleWebKit/537.36 (KHTML, like Gecko) Chrome/61.0.3163.100 Safari/537.36" 4
0:0:0:0:0:0:0:1 - - [12/Nov/2017:15:27:47 +0000] "GET /compras/produto/ HTTP/1.1" 405 52 "http://front-end.dev/" "Mozilla/5.0 (Windows NT 10.0; Win64; x64) AppleWebKit/537.36 (KHTML, like Gecko) Chrome/61.0.3163.100 Safari/537.36" 1
0:0:0:0:0:0:0:1 - - [12/Nov/2017:15:27:48 +0000] "GET /compras/produto/ HTTP/1.1" 405 52 "http://front-end.dev/" "Mozilla/5.0 (Windows NT 10.0; Win64; x64) AppleWebKit/537.36 (KHTML, like Gecko) Chrome/61.0.3163.100 Safari/537.36" 1
0:0:0:0:0:0:0:1 - - [12/Nov/2017:15:27:48 +0000] "GET /compras/produto/ HTTP/1.1" 405 52 "http://front-end.dev/" "Mozilla/5.0 (Windows NT 10.0; Win64; x64) AppleWebKit/537.36 (KHTML, like Gecko) Chrome/61.0.3163.100 Safari/537.36" 1
0:0:0:0:0:0:0:1 - - [12/Nov/2017:15:27:48 +0000] "GET /compras/produto/ HTTP/1.1" 405 52 "http://front-end.dev/" "Mozilla/5.0 (Windows NT 10.0; Win64; x64) AppleWebKit/537.36 (KHTML, like Gecko) Chrome/61.0.3163.100 Safari/537.36" 1
0:0:0:0:0:0:0:1 - - [12/Nov/2017:15:27:48 +0000] "GET /compras/produto/ HTTP/1.1" 405 52 "http://front-end.dev/" "Mozilla/5.0 (Windows NT 10.0; Win64; x64) AppleWebKit/537.36 (KHTML, like Gecko) Chrome/61.0.3163.100 Safari/537.36" 1
0:0:0:0:0:0:0:1 - - [12/Nov/2017:15:27:48 +0000] "GET /compras/produto/ HTTP/1.1" 405 52 "http://front-end.dev/" "Mozilla/5.0 (Windows NT 10.0; Win64; x64) AppleWebKit/537.36 (KHTML, like Gecko) Chrome/61.0.3163.100 Safari/537.36" 1
0:0:0:0:0:0:0:1 - - [12/Nov/2017:15:27:49 +0000] "GET /compras/produto/ HTTP/1.1" 405 52 "http://front-end.dev/" "Mozilla/5.0 (Windows NT 10.0; Win64; x64) AppleWebKit/537.36 (KHTML, like Gecko) Chrome/61.0.3163.100 Safari/537.36" 1
0:0:0:0:0:0:0:1 - - [12/Nov/2017:15:27:49 +0000] "GET /compras/produto/ HTTP/1.1" 405 52 "http://front-end.dev/" "Mozilla/5.0 (Windows NT 10.0; Win64; x64) AppleWebKit/537.36 (KHTML, like Gecko) Chrome/61.0.3163.100 Safari/537.36" 1
0:0:0:0:0:0:0:1 - - [12/Nov/2017:15:27:49 +0000] "GET /compras/produto/ HTTP/1.1" 405 52 "http://front-end.dev/" "Mozilla/5.0 (Windows NT 10.0; Win64; x64) AppleWebKit/537.36 (KHTML, like Gecko) Chrome/61.0.3163.100 Safari/537.36" 1
0:0:0:0:0:0:0:1 - - [12/Nov/2017:15:27:50 +0000] "GET /compras/produto/a HTTP/1.1" 200 331 "http://front-end.dev/" "Mozilla/5.0 (Windows NT 10.0; Win64; x64) AppleWebKit/537.36 (KHTML, like Gecko) Chrome/61.0.3163.100 Safari/537.36" 3
0:0:0:0:0:0:0:1 - - [12/Nov/2017:15:27:55 +0000] "GET /compras/produto/fonte HTTP/1.1" 200 266 "http://front-end.dev/" "Mozilla/5.0 (Windows NT 10.0; Win64; x64) AppleWebKit/537.36 (KHTML, like Gecko) Chrome/61.0.3163.100 Safari/537.36" 3
0:0:0:0:0:0:0:1 - - [12/Nov/2017:15:27:57 +0000] "GET /compras/produto/fonte HTTP/1.1" 200 266 "http://front-end.dev/" "Mozilla/5.0 (Windows NT 10.0; Win64; x64) AppleWebKit/537.36 (KHTML, like Gecko) Chrome/61.0.3163.100 Safari/537.36" 3
0:0:0:0:0:0:0:1 - - [12/Nov/2017:15:27:57 +0000] "GET /compras/produto/fonte HTTP/1.1" 200 266 "http://front-end.dev/" "Mozilla/5.0 (Windows NT 10.0; Win64; x64) AppleWebKit/537.36 (KHTML, like Gecko) Chrome/61.0.3163.100 Safari/537.36" 2
0:0:0:0:0:0:0:1 - - [12/Nov/2017:15:27:58 +0000] "GET /compras/produtos HTTP/1.1" 200 1119 "http://front-end.dev/" "Mozilla/5.0 (Windows NT 10.0; Win64; x64) AppleWebKit/537.36 (KHTML, like Gecko) Chrome/61.0.3163.100 Safari/537.36" 3
0:0:0:0:0:0:0:1 - - [12/Nov/2017:15:28:27 +0000] "GET /compras/produto/mouse HTTP/1.1" 200 229 "http://front-end.dev/" "Mozilla/5.0 (Windows NT 10.0; Win64; x64) AppleWebKit/537.36 (KHTML, like Gecko) Chrome/61.0.3163.100 Safari/537.36" 3
0:0:0:0:0:0:0:1 - - [12/Nov/2017:15:28:28 +0000] "GET /compras/produto/mouse HTTP/1.1" 200 229 "http://front-end.dev/" "Mozilla/5.0 (Windows NT 10.0; Win64; x64) AppleWebKit/537.36 (KHTML, like Gecko) Chrome/61.0.3163.100 Safari/537.36" 2
0:0:0:0:0:0:0:1 - - [12/Nov/2017:15:28:28 +0000] "GET /compras/produto/mouse HTTP/1.1" 200 229 "http://front-end.dev/" "Mozilla/5.0 (Windows NT 10.0; Win64; x64) AppleWebKit/537.36 (KHTML, like Gecko) Chrome/61.0.3163.100 Safari/537.36" 1
0:0:0:0:0:0:0:1 - - [12/Nov/2017:15:28:28 +0000] "GET /compras/produto/mouse HTTP/1.1" 200 229 "http://front-end.dev/" "Mozilla/5.0 (Windows NT 10.0; Win64; x64) AppleWebKit/537.36 (KHTML, like Gecko) Chrome/61.0.3163.100 Safari/537.36" 2
0:0:0:0:0:0:0:1 - - [12/Nov/2017:15:28:29 +0000] "GET /compras/produto/mouse HTTP/1.1" 200 229 "http://front-end.dev/" "Mozilla/5.0 (Windows NT 10.0; Win64; x64) AppleWebKit/537.36 (KHTML, like Gecko) Chrome/61.0.3163.100 Safari/537.36" 2
0:0:0:0:0:0:0:1 - - [12/Nov/2017:15:28:29 +0000] "GET /compras/produto/mouse HTTP/1.1" 200 229 "http://front-end.dev/" "Mozilla/5.0 (Windows NT 10.0; Win64; x64) AppleWebKit/537.36 (KHTML, like Gecko) Chrome/61.0.3163.100 Safari/537.36" 2
0:0:0:0:0:0:0:1 - - [12/Nov/2017:15:28:29 +0000] "GET /compras/produto/mouse HTTP/1.1" 200 229 "http://front-end.dev/" "Mozilla/5.0 (Windows NT 10.0; Win64; x64) AppleWebKit/537.36 (KHTML, like Gecko) Chrome/61.0.3163.100 Safari/537.36" 3
0:0:0:0:0:0:0:1 - - [12/Nov/2017:15:28:29 +0000] "GET /compras/produto/mouse HTTP/1.1" 200 229 "http://front-end.dev/" "Mozilla/5.0 (Windows NT 10.0; Win64; x64) AppleWebKit/537.36 (KHTML, like Gecko) Chrome/61.0.3163.100 Safari/537.36" 2
0:0:0:0:0:0:0:1 - - [12/Nov/2017:15:28:38 +0000] "GET /compras/produto/mouse HTTP/1.1" 200 229 "http://front-end.dev/" "Mozilla/5.0 (Windows NT 10.0; Win64; x64) AppleWebKit/537.36 (KHTML, like Gecko) Chrome/61.0.3163.100 Safari/537.36" 3
0:0:0:0:0:0:0:1 - - [12/Nov/2017:15:28:38 +0000] "GET /compras/produto/mouse HTTP/1.1" 200 229 "http://front-end.dev/" "Mozilla/5.0 (Windows NT 10.0; Win64; x64) AppleWebKit/537.36 (KHTML, like Gecko) Chrome/61.0.3163.100 Safari/537.36" 2
0:0:0:0:0:0:0:1 - - [12/Nov/2017:15:28:38 +0000] "GET /compras/produto/mouse HTTP/1.1" 200 229 "http://front-end.dev/" "Mozilla/5.0 (Windows NT 10.0; Win64; x64) AppleWebKit/537.36 (KHTML, like Gecko) Chrome/61.0.3163.100 Safari/537.36" 3
0:0:0:0:0:0:0:1 - - [12/Nov/2017:15:28:40 +0000] "GET /compras/produtos HTTP/1.1" 200 1119 "http://front-end.dev/" "Mozilla/5.0 (Windows NT 10.0; Win64; x64) AppleWebKit/537.36 (KHTML, like Gecko) Chrome/61.0.3163.100 Safari/537.36" 3
0:0:0:0:0:0:0:1 - - [12/Nov/2017:15:29:53 +0000] "GET /compras/produto/caixa HTTP/1.1" 200 288 "http://front-end.dev/" "Mozilla/5.0 (Windows NT 10.0; Win64; x64) AppleWebKit/537.36 (KHTML, like Gecko) Chrome/61.0.3163.100 Safari/537.36" 3
0:0:0:0:0:0:0:1 - - [12/Nov/2017:15:29:54 +0000] "GET /compras/produtos HTTP/1.1" 200 1119 "http://front-end.dev/" "Mozilla/5.0 (Windows NT 10.0; Win64; x64) AppleWebKit/537.36 (KHTML, like Gecko) Chrome/61.0.3163.100 Safari/537.36" 3
0:0:0:0:0:0:0:1 - - [12/Nov/2017:15:30:08 +0000] "GET /compras/produtos HTTP/1.1" 200 1119 "-" "Mozilla/5.0 (Windows NT 10.0; Win64; x64) AppleWebKit/537.36 (KHTML, like Gecko) Chrome/61.0.3163.100 Safari/537.36" 3
0:0:0:0:0:0:0:1 - - [12/Nov/2017:15:32:19 +0000] "GET /compras/produto/mouse HTTP/1.1" 200 229 "http://front-end.dev/" "Mozilla/5.0 (Windows NT 10.0; Win64; x64) AppleWebKit/537.36 (KHTML, like Gecko) Chrome/61.0.3163.100 Safari/537.36" 3
0:0:0:0:0:0:0:1 - - [12/Nov/2017:15:32:21 +0000] "GET /compras/produtos HTTP/1.1" 200 1119 "http://front-end.dev/single-produto.html" "Mozilla/5.0 (Windows NT 10.0; Win64; x64) AppleWebKit/537.36 (KHTML, like Gecko) Chrome/61.0.3163.100 Safari/537.36" 4
0:0:0:0:0:0:0:1 - - [12/Nov/2017:15:32:46 +0000] "GET /compras/produtos HTTP/1.1" 200 1119 "http://front-end.dev/single-produto.html" "Mozilla/5.0 (Windows NT 10.0; Win64; x64) AppleWebKit/537.36 (KHTML, like Gecko) Chrome/61.0.3163.100 Safari/537.36" 3
0:0:0:0:0:0:0:1 - - [12/Nov/2017:15:33:10 +0000] "GET /compras/produtos HTTP/1.1" 200 1119 "http://front-end.dev/" "Mozilla/5.0 (Windows NT 10.0; Win64; x64) AppleWebKit/537.36 (KHTML, like Gecko) Chrome/61.0.3163.100 Safari/537.36" 2
0:0:0:0:0:0:0:1 - - [12/Nov/2017:15:33:30 +0000] "GET /compras/produtos HTTP/1.1" 200 1119 "http://front-end.dev/single-produto.html" "Mozilla/5.0 (Windows NT 10.0; Win64; x64) AppleWebKit/537.36 (KHTML, like Gecko) Chrome/61.0.3163.100 Safari/537.36" 3
0:0:0:0:0:0:0:1 - - [12/Nov/2017:15:33:33 +0000] "GET /compras/produtos HTTP/1.1" 200 1119 "http://front-end.dev/" "Mozilla/5.0 (Windows NT 10.0; Win64; x64) AppleWebKit/537.36 (KHTML, like Gecko) Chrome/61.0.3163.100 Safari/537.36" 2
0:0:0:0:0:0:0:1 - - [12/Nov/2017:15:33:56 +0000] "GET /compras/produtos HTTP/1.1" 200 1119 "http://front-end.dev/single-produto.html" "Mozilla/5.0 (Windows NT 10.0; Win64; x64) AppleWebKit/537.36 (KHTML, like Gecko) Chrome/61.0.3163.100 Safari/537.36" 3
0:0:0:0:0:0:0:1 - - [12/Nov/2017:15:34:17 +0000] "GET /compras/produtos HTTP/1.1" 200 1119 "http://front-end.dev/" "Mozilla/5.0 (Windows NT 10.0; Win64; x64) AppleWebKit/537.36 (KHTML, like Gecko) Chrome/61.0.3163.100 Safari/537.36" 3
0:0:0:0:0:0:0:1 - - [12/Nov/2017:15:34:19 +0000] "GET /compras/produtos HTTP/1.1" 200 1119 "http://front-end.dev/single-produto.html" "Mozilla/5.0 (Windows NT 10.0; Win64; x64) AppleWebKit/537.36 (KHTML, like Gecko) Chrome/61.0.3163.100 Safari/537.36" 3
0:0:0:0:0:0:0:1 - - [12/Nov/2017:15:34:20 +0000] "GET /compras/produtos HTTP/1.1" 200 1119 "http://front-end.dev/" "Mozilla/5.0 (Windows NT 10.0; Win64; x64) AppleWebKit/537.36 (KHTML, like Gecko) Chrome/61.0.3163.100 Safari/537.36" 3
0:0:0:0:0:0:0:1 - - [12/Nov/2017:15:34:22 +0000] "GET /compras/produtos HTTP/1.1" 200 1119 "http://front-end.dev/single-produto.html" "Mozilla/5.0 (Windows NT 10.0; Win64; x64) AppleWebKit/537.36 (KHTML, like Gecko) Chrome/61.0.3163.100 Safari/537.36" 3
0:0:0:0:0:0:0:1 - - [12/Nov/2017:15:34:23 +0000] "GET /compras/produtos HTTP/1.1" 200 1119 "http://front-end.dev/" "Mozilla/5.0 (Windows NT 10.0; Win64; x64) AppleWebKit/537.36 (KHTML, like Gecko) Chrome/61.0.3163.100 Safari/537.36" 3
0:0:0:0:0:0:0:1 - - [12/Nov/2017:15:34:28 +0000] "GET /compras/produto/ HTTP/1.1" 405 52 "http://front-end.dev/" "Mozilla/5.0 (Windows NT 10.0; Win64; x64) AppleWebKit/537.36 (KHTML, like Gecko) Chrome/61.0.3163.100 Safari/537.36" 1
0:0:0:0:0:0:0:1 - - [12/Nov/2017:15:34:28 +0000] "GET /compras/produto/ HTTP/1.1" 405 52 "http://front-end.dev/" "Mozilla/5.0 (Windows NT 10.0; Win64; x64) AppleWebKit/537.36 (KHTML, like Gecko) Chrome/61.0.3163.100 Safari/537.36" 1
0:0:0:0:0:0:0:1 - - [12/Nov/2017:15:34:28 +0000] "GET /compras/produto/ HTTP/1.1" 405 52 "http://front-end.dev/" "Mozilla/5.0 (Windows NT 10.0; Win64; x64) AppleWebKit/537.36 (KHTML, like Gecko) Chrome/61.0.3163.100 Safari/537.36" 1
0:0:0:0:0:0:0:1 - - [12/Nov/2017:15:34:28 +0000] "GET /compras/produto/ HTTP/1.1" 405 52 "http://front-end.dev/" "Mozilla/5.0 (Windows NT 10.0; Win64; x64) AppleWebKit/537.36 (KHTML, like Gecko) Chrome/61.0.3163.100 Safari/537.36" 1
0:0:0:0:0:0:0:1 - - [12/Nov/2017:15:34:31 +0000] "GET /compras/produto/a HTTP/1.1" 200 331 "http://front-end.dev/" "Mozilla/5.0 (Windows NT 10.0; Win64; x64) AppleWebKit/537.36 (KHTML, like Gecko) Chrome/61.0.3163.100 Safari/537.36" 2
0:0:0:0:0:0:0:1 - - [12/Nov/2017:15:34:32 +0000] "GET /compras/produtos HTTP/1.1" 200 1119 "http://front-end.dev/" "Mozilla/5.0 (Windows NT 10.0; Win64; x64) AppleWebKit/537.36 (KHTML, like Gecko) Chrome/61.0.3163.100 Safari/537.36" 3
0:0:0:0:0:0:0:1 - - [12/Nov/2017:15:34:52 +0000] "GET /compras/produto/a HTTP/1.1" 200 331 "http://front-end.dev/" "Mozilla/5.0 (Windows NT 10.0; Win64; x64) AppleWebKit/537.36 (KHTML, like Gecko) Chrome/61.0.3163.100 Safari/537.36" 3
0:0:0:0:0:0:0:1 - - [12/Nov/2017:15:38:41 +0000] "GET /compras/produtos HTTP/1.1" 200 1119 "http://front-end.dev/" "Mozilla/5.0 (Windows NT 10.0; Win64; x64) AppleWebKit/537.36 (KHTML, like Gecko) Chrome/61.0.3163.100 Safari/537.36" 70
0:0:0:0:0:0:0:1 - - [12/Nov/2017:15:38:43 +0000] "GET /compras/produto/a HTTP/1.1" 200 889 "http://front-end.dev/" "Mozilla/5.0 (Windows NT 10.0; Win64; x64) AppleWebKit/537.36 (KHTML, like Gecko) Chrome/61.0.3163.100 Safari/537.36" 7
0:0:0:0:0:0:0:1 - - [12/Nov/2017:15:38:45 +0000] "GET /compras/produto/a HTTP/1.1" 200 889 "http://front-end.dev/" "Mozilla/5.0 (Windows NT 10.0; Win64; x64) AppleWebKit/537.36 (KHTML, like Gecko) Chrome/61.0.3163.100 Safari/537.36" 3
0:0:0:0:0:0:0:1 - - [12/Nov/2017:15:38:47 +0000] "GET /compras/produto/mouse HTTP/1.1" 200 231 "http://front-end.dev/" "Mozilla/5.0 (Windows NT 10.0; Win64; x64) AppleWebKit/537.36 (KHTML, like Gecko) Chrome/61.0.3163.100 Safari/537.36" 3
0:0:0:0:0:0:0:1 - - [12/Nov/2017:15:38:49 +0000] "GET /compras/produto/moa HTTP/1.1" 200 2 "http://front-end.dev/" "Mozilla/5.0 (Windows NT 10.0; Win64; x64) AppleWebKit/537.36 (KHTML, like Gecko) Chrome/61.0.3163.100 Safari/537.36" 2
0:0:0:0:0:0:0:1 - - [12/Nov/2017:15:38:49 +0000] "GET /compras/produto/mos HTTP/1.1" 200 2 "http://front-end.dev/" "Mozilla/5.0 (Windows NT 10.0; Win64; x64) AppleWebKit/537.36 (KHTML, like Gecko) Chrome/61.0.3163.100 Safari/537.36" 2
0:0:0:0:0:0:0:1 - - [12/Nov/2017:15:38:50 +0000] "GET /compras/produto/r HTTP/1.1" 200 498 "http://front-end.dev/" "Mozilla/5.0 (Windows NT 10.0; Win64; x64) AppleWebKit/537.36 (KHTML, like Gecko) Chrome/61.0.3163.100 Safari/537.36" 3
0:0:0:0:0:0:0:1 - - [12/Nov/2017:15:38:51 +0000] "GET /compras/produto/r HTTP/1.1" 200 498 "http://front-end.dev/" "Mozilla/5.0 (Windows NT 10.0; Win64; x64) AppleWebKit/537.36 (KHTML, like Gecko) Chrome/61.0.3163.100 Safari/537.36" 3
0:0:0:0:0:0:0:1 - - [12/Nov/2017:15:38:52 +0000] "GET /compras/produto/r HTTP/1.1" 200 498 "http://front-end.dev/" "Mozilla/5.0 (Windows NT 10.0; Win64; x64) AppleWebKit/537.36 (KHTML, like Gecko) Chrome/61.0.3163.100 Safari/537.36" 3
0:0:0:0:0:0:0:1 - - [12/Nov/2017:15:38:52 +0000] "GET /compras/produto/r HTTP/1.1" 200 498 "http://front-end.dev/" "Mozilla/5.0 (Windows NT 10.0; Win64; x64) AppleWebKit/537.36 (KHTML, like Gecko) Chrome/61.0.3163.100 Safari/537.36" 3
0:0:0:0:0:0:0:1 - - [12/Nov/2017:15:38:52 +0000] "GET /compras/produto/r HTTP/1.1" 200 498 "http://front-end.dev/" "Mozilla/5.0 (Windows NT 10.0; Win64; x64) AppleWebKit/537.36 (KHTML, like Gecko) Chrome/61.0.3163.100 Safari/537.36" 3
0:0:0:0:0:0:0:1 - - [12/Nov/2017:15:38:53 +0000] "GET /compras/produtos HTTP/1.1" 200 1119 "http://front-end.dev/" "Mozilla/5.0 (Windows NT 10.0; Win64; x64) AppleWebKit/537.36 (KHTML, like Gecko) Chrome/61.0.3163.100 Safari/537.36" 2
0:0:0:0:0:0:0:1 - - [12/Nov/2017:15:38:53 +0000] "GET /compras/produtos HTTP/1.1" 200 1119 "http://front-end.dev/" "Mozilla/5.0 (Windows NT 10.0; Win64; x64) AppleWebKit/537.36 (KHTML, like Gecko) Chrome/61.0.3163.100 Safari/537.36" 2
0:0:0:0:0:0:0:1 - - [12/Nov/2017:15:39:06 +0000] "GET /compras/produto/a HTTP/1.1" 200 889 "http://front-end.dev/" "Mozilla/5.0 (Windows NT 10.0; Win64; x64) AppleWebKit/537.36 (KHTML, like Gecko) Chrome/61.0.3163.100 Safari/537.36" 3
0:0:0:0:0:0:0:1 - - [12/Nov/2017:15:39:09 +0000] "GET /compras/produtos HTTP/1.1" 200 1119 "http://front-end.dev/" "Mozilla/5.0 (Windows NT 10.0; Win64; x64) AppleWebKit/537.36 (KHTML, like Gecko) Chrome/61.0.3163.100 Safari/537.36" 2
0:0:0:0:0:0:0:1 - - [12/Nov/2017:15:40:15 +0000] "GET /compras/produto/a HTTP/1.1" 200 331 "http://front-end.dev/" "Mozilla/5.0 (Windows NT 10.0; Win64; x64) AppleWebKit/537.36 (KHTML, like Gecko) Chrome/61.0.3163.100 Safari/537.36" 69
0:0:0:0:0:0:0:1 - - [12/Nov/2017:15:40:16 +0000] "GET /compras/produtos HTTP/1.1" 200 1119 "http://front-end.dev/" "Mozilla/5.0 (Windows NT 10.0; Win64; x64) AppleWebKit/537.36 (KHTML, like Gecko) Chrome/61.0.3163.100 Safari/537.36" 8
0:0:0:0:0:0:0:1 - - [12/Nov/2017:15:42:07 +0000] "GET /compras/produtos HTTP/1.1" 200 1119 "http://front-end.dev/" "Mozilla/5.0 (Windows NT 10.0; Win64; x64) AppleWebKit/537.36 (KHTML, like Gecko) Chrome/61.0.3163.100 Safari/537.36" 4
0:0:0:0:0:0:0:1 - - [12/Nov/2017:15:42:07 +0000] "GET /compras/produtos HTTP/1.1" 200 1119 "http://front-end.dev/single-produto.html" "Mozilla/5.0 (Windows NT 10.0; Win64; x64) AppleWebKit/537.36 (KHTML, like Gecko) Chrome/61.0.3163.100 Safari/537.36" 3
0:0:0:0:0:0:0:1 - - [12/Nov/2017:15:42:07 +0000] "GET /compras/produtos HTTP/1.1" 200 1119 "http://front-end.dev/" "Mozilla/5.0 (Windows NT 10.0; Win64; x64) AppleWebKit/537.36 (KHTML, like Gecko) Chrome/61.0.3163.100 Safari/537.36" 3
0:0:0:0:0:0:0:1 - - [12/Nov/2017:15:52:48 +0000] "GET /compras/produtos HTTP/1.1" 200 1119 "http://front-end.dev/compra-finalizada.html" "Mozilla/5.0 (Windows NT 10.0; Win64; x64) AppleWebKit/537.36 (KHTML, like Gecko) Chrome/61.0.3163.100 Safari/537.36" 5
0:0:0:0:0:0:0:1 - - [12/Nov/2017:15:52:56 +0000] "GET /compras/produtos HTTP/1.1" 200 1119 "http://front-end.dev/compra-finalizada.html" "Mozilla/5.0 (Windows NT 10.0; Win64; x64) AppleWebKit/537.36 (KHTML, like Gecko) Chrome/61.0.3163.100 Safari/537.36" 3
0:0:0:0:0:0:0:1 - - [12/Nov/2017:15:53:10 +0000] "GET /compras/produtos HTTP/1.1" 200 1119 "http://front-end.dev/compra-finalizada.html" "Mozilla/5.0 (Windows NT 10.0; Win64; x64) AppleWebKit/537.36 (KHTML, like Gecko) Chrome/61.0.3163.100 Safari/537.36" 3
0:0:0:0:0:0:0:1 - - [12/Nov/2017:15:53:31 +0000] "GET /compras/produtos HTTP/1.1" 200 1119 "http://front-end.dev/compra-finalizada.html" "Mozilla/5.0 (Windows NT 10.0; Win64; x64) AppleWebKit/537.36 (KHTML, like Gecko) Chrome/61.0.3163.100 Safari/537.36" 2
0:0:0:0:0:0:0:1 - - [12/Nov/2017:15:53:36 +0000] "GET /compras/produtos HTTP/1.1" 200 1119 "http://front-end.dev/compra-finalizada.html" "Mozilla/5.0 (Windows NT 10.0; Win64; x64) AppleWebKit/537.36 (KHTML, like Gecko) Chrome/61.0.3163.100 Safari/537.36" 3
0:0:0:0:0:0:0:1 - - [12/Nov/2017:15:54:57 +0000] "GET /compras/produtos HTTP/1.1" 200 1119 "http://front-end.dev/compra-finalizada.html" "Mozilla/5.0 (Windows NT 10.0; Win64; x64) AppleWebKit/537.36 (KHTML, like Gecko) Chrome/61.0.3163.100 Safari/537.36" 3
0:0:0:0:0:0:0:1 - - [12/Nov/2017:15:54:59 +0000] "GET /compras/produtos HTTP/1.1" 200 1119 "http://front-end.dev/" "Mozilla/5.0 (Windows NT 10.0; Win64; x64) AppleWebKit/537.36 (KHTML, like Gecko) Chrome/61.0.3163.100 Safari/537.36" 3
0:0:0:0:0:0:0:1 - - [12/Nov/2017:15:55:01 +0000] "GET /compras/produtos HTTP/1.1" 200 1119 "http://front-end.dev/single-produto.html" "Mozilla/5.0 (Windows NT 10.0; Win64; x64) AppleWebKit/537.36 (KHTML, like Gecko) Chrome/61.0.3163.100 Safari/537.36" 3
0:0:0:0:0:0:0:1 - - [12/Nov/2017:15:55:06 +0000] "GET /compras/produtos HTTP/1.1" 200 1119 "http://front-end.dev/compra-finalizada.html" "Mozilla/5.0 (Windows NT 10.0; Win64; x64) AppleWebKit/537.36 (KHTML, like Gecko) Chrome/61.0.3163.100 Safari/537.36" 4
0:0:0:0:0:0:0:1 - - [12/Nov/2017:15:55:21 +0000] "GET /compras/produtos HTTP/1.1" 200 1119 "http://front-end.dev/" "Mozilla/5.0 (Windows NT 10.0; Win64; x64) AppleWebKit/537.36 (KHTML, like Gecko) Chrome/61.0.3163.100 Safari/537.36" 3
0:0:0:0:0:0:0:1 - - [12/Nov/2017:15:57:38 +0000] "GET /compras/produtos HTTP/1.1" 200 1119 "http://front-end.dev/compra-finalizada.html" "Mozilla/5.0 (Windows NT 10.0; Win64; x64) AppleWebKit/537.36 (KHTML, like Gecko) Chrome/61.0.3163.100 Safari/537.36" 4
0:0:0:0:0:0:0:1 - - [12/Nov/2017:15:57:41 +0000] "GET /compras/produtos HTTP/1.1" 200 1119 "http://front-end.dev/" "Mozilla/5.0 (Windows NT 10.0; Win64; x64) AppleWebKit/537.36 (KHTML, like Gecko) Chrome/61.0.3163.100 Safari/537.36" 3
0:0:0:0:0:0:0:1 - - [12/Nov/2017:15:58:08 +0000] "GET /compras/produtos HTTP/1.1" 200 1119 "http://front-end.dev/compra-finalizada.html" "Mozilla/5.0 (Windows NT 10.0; Win64; x64) AppleWebKit/537.36 (KHTML, like Gecko) Chrome/61.0.3163.100 Safari/537.36" 4
0:0:0:0:0:0:0:1 - - [12/Nov/2017:15:58:15 +0000] "GET /compras/produtos HTTP/1.1" 200 1119 "http://front-end.dev/" "Mozilla/5.0 (Windows NT 10.0; Win64; x64) AppleWebKit/537.36 (KHTML, like Gecko) Chrome/61.0.3163.100 Safari/537.36" 3
0:0:0:0:0:0:0:1 - - [12/Nov/2017:15:58:21 +0000] "GET /compras/produtos HTTP/1.1" 200 1119 "http://front-end.dev/single-produto.html" "Mozilla/5.0 (Windows NT 10.0; Win64; x64) AppleWebKit/537.36 (KHTML, like Gecko) Chrome/61.0.3163.100 Safari/537.36" 2
0:0:0:0:0:0:0:1 - - [12/Nov/2017:15:58:24 +0000] "GET /compras/produtos HTTP/1.1" 200 1119 "http://front-end.dev/" "Mozilla/5.0 (Windows NT 10.0; Win64; x64) AppleWebKit/537.36 (KHTML, like Gecko) Chrome/61.0.3163.100 Safari/537.36" 3
0:0:0:0:0:0:0:1 - - [12/Nov/2017:15:58:29 +0000] "GET /compras/produtos HTTP/1.1" 200 1119 "http://front-end.dev/single-produto.html" "Mozilla/5.0 (Windows NT 10.0; Win64; x64) AppleWebKit/537.36 (KHTML, like Gecko) Chrome/61.0.3163.100 Safari/537.36" 3
0:0:0:0:0:0:0:1 - - [12/Nov/2017:15:58:30 +0000] "GET /compras/produtos HTTP/1.1" 200 1119 "http://front-end.dev/" "Mozilla/5.0 (Windows NT 10.0; Win64; x64) AppleWebKit/537.36 (KHTML, like Gecko) Chrome/61.0.3163.100 Safari/537.36" 3
0:0:0:0:0:0:0:1 - - [12/Nov/2017:15:58:33 +0000] "GET /compras/produtos HTTP/1.1" 200 1119 "http://front-end.dev/single-produto.html" "Mozilla/5.0 (Windows NT 10.0; Win64; x64) AppleWebKit/537.36 (KHTML, like Gecko) Chrome/61.0.3163.100 Safari/537.36" 3
0:0:0:0:0:0:0:1 - - [12/Nov/2017:15:58:35 +0000] "GET /compras/produtos HTTP/1.1" 200 1119 "http://front-end.dev/" "Mozilla/5.0 (Windows NT 10.0; Win64; x64) AppleWebKit/537.36 (KHTML, like Gecko) Chrome/61.0.3163.100 Safari/537.36" 3
0:0:0:0:0:0:0:1 - - [12/Nov/2017:16:14:58 +0000] "GET /compras/produtos HTTP/1.1" 200 1119 "http://front-end.dev/" "Mozilla/5.0 (Windows NT 10.0; Win64; x64) AppleWebKit/537.36 (KHTML, like Gecko) Chrome/61.0.3163.100 Safari/537.36" 3
0:0:0:0:0:0:0:1 - - [12/Nov/2017:16:18:23 +0000] "GET /compras/produtos HTTP/1.1" 200 1119 "http://front-end.dev/" "Mozilla/5.0 (Windows NT 10.0; Win64; x64) AppleWebKit/537.36 (KHTML, like Gecko) Chrome/61.0.3163.100 Safari/537.36" 3
0:0:0:0:0:0:0:1 - - [12/Nov/2017:16:18:46 +0000] "GET /compras/produtos HTTP/1.1" 200 1119 "http://front-end.dev/" "Mozilla/5.0 (Windows NT 10.0; Win64; x64) AppleWebKit/537.36 (KHTML, like Gecko) Chrome/61.0.3163.100 Safari/537.36" 3
0:0:0:0:0:0:0:1 - - [12/Nov/2017:16:19:49 +0000] "GET /compras/produtos HTTP/1.1" 200 1119 "http://front-end.dev/" "Mozilla/5.0 (Windows NT 10.0; Win64; x64) AppleWebKit/537.36 (KHTML, like Gecko) Chrome/61.0.3163.100 Safari/537.36" 4
0:0:0:0:0:0:0:1 - - [12/Nov/2017:16:20:24 +0000] "GET /compras/produtos HTTP/1.1" 200 1119 "http://front-end.dev/" "Mozilla/5.0 (Windows NT 10.0; Win64; x64) AppleWebKit/537.36 (KHTML, like Gecko) Chrome/61.0.3163.100 Safari/537.36" 4
0:0:0:0:0:0:0:1 - - [12/Nov/2017:16:20:33 +0000] "GET /compras/produtos HTTP/1.1" 200 1119 "http://front-end.dev/" "Mozilla/5.0 (Windows NT 10.0; Win64; x64) AppleWebKit/537.36 (KHTML, like Gecko) Chrome/61.0.3163.100 Safari/537.36" 3
0:0:0:0:0:0:0:1 - - [12/Nov/2017:16:20:39 +0000] "GET /compras/produtos HTTP/1.1" 200 1119 "http://front-end.dev/" "Mozilla/5.0 (Windows NT 10.0; Win64; x64) AppleWebKit/537.36 (KHTML, like Gecko) Chrome/61.0.3163.100 Safari/537.36" 3
0:0:0:0:0:0:0:1 - - [12/Nov/2017:16:20:53 +0000] "GET /compras/produto/mou HTTP/1.1" 200 229 "http://front-end.dev/" "Mozilla/5.0 (Windows NT 10.0; Win64; x64) AppleWebKit/537.36 (KHTML, like Gecko) Chrome/61.0.3163.100 Safari/537.36" 3
0:0:0:0:0:0:0:1 - - [12/Nov/2017:16:20:56 +0000] "GET /compras/produtos HTTP/1.1" 200 1119 "http://front-end.dev/single-produto.html" "Mozilla/5.0 (Windows NT 10.0; Win64; x64) AppleWebKit/537.36 (KHTML, like Gecko) Chrome/61.0.3163.100 Safari/537.36" 2
0:0:0:0:0:0:0:1 - - [12/Nov/2017:16:21:12 +0000] "GET /compras/produtos HTTP/1.1" 200 1119 "http://front-end.dev/" "Mozilla/5.0 (Windows NT 10.0; Win64; x64) AppleWebKit/537.36 (KHTML, like Gecko) Chrome/61.0.3163.100 Safari/537.36" 3
0:0:0:0:0:0:0:1 - - [12/Nov/2017:16:21:17 +0000] "GET /compras/produtos HTTP/1.1" 200 1119 "http://front-end.dev/single-produto.html" "Mozilla/5.0 (Windows NT 10.0; Win64; x64) AppleWebKit/537.36 (KHTML, like Gecko) Chrome/61.0.3163.100 Safari/537.36" 3
0:0:0:0:0:0:0:1 - - [12/Nov/2017:16:21:23 +0000] "GET /compras/produtos HTTP/1.1" 200 1119 "http://front-end.dev/" "Mozilla/5.0 (Windows NT 10.0; Win64; x64) AppleWebKit/537.36 (KHTML, like Gecko) Chrome/61.0.3163.100 Safari/537.36" 3
0:0:0:0:0:0:0:1 - - [12/Nov/2017:16:21:25 +0000] "GET /compras/produto/a HTTP/1.1" 200 331 "http://front-end.dev/" "Mozilla/5.0 (Windows NT 10.0; Win64; x64) AppleWebKit/537.36 (KHTML, like Gecko) Chrome/61.0.3163.100 Safari/537.36" 3
0:0:0:0:0:0:0:1 - - [12/Nov/2017:16:21:30 +0000] "GET /compras/produtos HTTP/1.1" 200 1119 "http://front-end.dev/single-produto.html" "Mozilla/5.0 (Windows NT 10.0; Win64; x64) AppleWebKit/537.36 (KHTML, like Gecko) Chrome/61.0.3163.100 Safari/537.36" 3
0:0:0:0:0:0:0:1 - - [12/Nov/2017:16:21:57 +0000] "GET /compras/produtos HTTP/1.1" 200 1119 "http://front-end.dev/single-produto.html" "Mozilla/5.0 (Windows NT 10.0; Win64; x64) AppleWebKit/537.36 (KHTML, like Gecko) Chrome/61.0.3163.100 Safari/537.36" 3
0:0:0:0:0:0:0:1 - - [12/Nov/2017:16:22:23 +0000] "GET /compras/produtos HTTP/1.1" 200 1119 "http://front-end.dev/single-produto.html" "Mozilla/5.0 (Windows NT 10.0; Win64; x64) AppleWebKit/537.36 (KHTML, like Gecko) Chrome/61.0.3163.100 Safari/537.36" 3
0:0:0:0:0:0:0:1 - - [12/Nov/2017:16:22:54 +0000] "GET /compras/produtos HTTP/1.1" 200 1119 "http://front-end.dev/single-produto.html" "Mozilla/5.0 (Windows NT 10.0; Win64; x64) AppleWebKit/537.36 (KHTML, like Gecko) Chrome/61.0.3163.100 Safari/537.36" 4
0:0:0:0:0:0:0:1 - - [12/Nov/2017:16:22:56 +0000] "GET /compras/produtos HTTP/1.1" 200 1119 "http://front-end.dev/" "Mozilla/5.0 (Windows NT 10.0; Win64; x64) AppleWebKit/537.36 (KHTML, like Gecko) Chrome/61.0.3163.100 Safari/537.36" 4
0:0:0:0:0:0:0:1 - - [12/Nov/2017:16:22:57 +0000] "GET /compras/produtos HTTP/1.1" 200 1119 "http://front-end.dev/single-produto.html" "Mozilla/5.0 (Windows NT 10.0; Win64; x64) AppleWebKit/537.36 (KHTML, like Gecko) Chrome/61.0.3163.100 Safari/537.36" 3
0:0:0:0:0:0:0:1 - - [12/Nov/2017:16:23:05 +0000] "GET /compras/produtos HTTP/1.1" 200 1119 "http://front-end.dev/" "Mozilla/5.0 (Windows NT 10.0; Win64; x64) AppleWebKit/537.36 (KHTML, like Gecko) Chrome/61.0.3163.100 Safari/537.36" 3
0:0:0:0:0:0:0:1 - - [12/Nov/2017:16:23:08 +0000] "GET /compras/produto/m HTTP/1.1" 200 229 "http://front-end.dev/" "Mozilla/5.0 (Windows NT 10.0; Win64; x64) AppleWebKit/537.36 (KHTML, like Gecko) Chrome/61.0.3163.100 Safari/537.36" 3
0:0:0:0:0:0:0:1 - - [12/Nov/2017:16:23:08 +0000] "GET /compras/produtos HTTP/1.1" 200 1119 "http://front-end.dev/" "Mozilla/5.0 (Windows NT 10.0; Win64; x64) AppleWebKit/537.36 (KHTML, like Gecko) Chrome/61.0.3163.100 Safari/537.36" 3
0:0:0:0:0:0:0:1 - - [12/Nov/2017:16:23:22 +0000] "GET /compras/produtos HTTP/1.1" 200 1119 "http://front-end.dev/" "Mozilla/5.0 (Windows NT 10.0; Win64; x64) AppleWebKit/537.36 (KHTML, like Gecko) Chrome/61.0.3163.100 Safari/537.36" 3
0:0:0:0:0:0:0:1 - - [12/Nov/2017:16:23:30 +0000] "GET /compras/produtos HTTP/1.1" 200 1119 "http://front-end.dev/" "Mozilla/5.0 (Windows NT 10.0; Win64; x64) AppleWebKit/537.36 (KHTML, like Gecko) Chrome/61.0.3163.100 Safari/537.36" 3
0:0:0:0:0:0:0:1 - - [12/Nov/2017:16:23:46 +0000] "GET /compras/produtos HTTP/1.1" 200 1119 "http://front-end.dev/" "Mozilla/5.0 (Windows NT 10.0; Win64; x64) AppleWebKit/537.36 (KHTML, like Gecko) Chrome/61.0.3163.100 Safari/537.36" 3
0:0:0:0:0:0:0:1 - - [12/Nov/2017:16:23:50 +0000] "GET /compras/produto/m HTTP/1.1" 200 229 "http://front-end.dev/" "Mozilla/5.0 (Windows NT 10.0; Win64; x64) AppleWebKit/537.36 (KHTML, like Gecko) Chrome/61.0.3163.100 Safari/537.36" 2
0:0:0:0:0:0:0:1 - - [12/Nov/2017:16:23:52 +0000] "GET /compras/produtos HTTP/1.1" 200 1119 "http://front-end.dev/" "Mozilla/5.0 (Windows NT 10.0; Win64; x64) AppleWebKit/537.36 (KHTML, like Gecko) Chrome/61.0.3163.100 Safari/537.36" 3
